The system is: Darwin - 19.5.0 - x86_64
Compiling the C compiler identification source file "CMakeCCompilerId.c" succeeded.
Compiler: /Library/Developer/CommandLineTools/usr/bin/cc 
Build flags: 
Id flags:  

The output was:
0


Compilation of the C compiler identification source "CMakeCCompilerId.c" produced "a.out"

The C compiler identification is AppleClang, found in "/Users/mmetcalf/Dropbox/Quantum Embedding/Codes/Lithium_Downfolding/Qiskit Chem/Hamiltonian_Downfolding_IBM/nlopt-2.6.2/CMakeFiles/3.17.3/CompilerIdC/a.out"

Compiling the CXX compiler identification source file "CMakeCXXCompilerId.cpp" succeeded.
Compiler: /Library/Developer/CommandLineTools/usr/bin/c++ 
Build flags: 
Id flags:  

The output was:
0


Compilation of the CXX compiler identification source "CMakeCXXCompilerId.cpp" produced "a.out"

The CXX compiler identification is AppleClang, found in "/Users/mmetcalf/Dropbox/Quantum Embedding/Codes/Lithium_Downfolding/Qiskit Chem/Hamiltonian_Downfolding_IBM/nlopt-2.6.2/CMakeFiles/3.17.3/CompilerIdCXX/a.out"

Determining if the C compiler works passed with the following output:
Change Dir: /Users/mmetcalf/Dropbox/Quantum Embedding/Codes/Lithium_Downfolding/Qiskit Chem/Hamiltonian_Downfolding_IBM/nlopt-2.6.2/CMakeFiles/CMakeTmp

Run Build Command(s):/usr/bin/make cmTC_e64dc/fast && /Library/Developer/CommandLineTools/usr/bin/make  -f CMakeFiles/cmTC_e64dc.dir/build.make CMakeFiles/cmTC_e64dc.dir/build
Building C object CMakeFiles/cmTC_e64dc.dir/testCCompiler.c.o
/Library/Developer/CommandLineTools/usr/bin/cc   -isysroot /Library/Developer/CommandLineTools/SDKs/MacOSX10.15.sdk   -o CMakeFiles/cmTC_e64dc.dir/testCCompiler.c.o   -c "/Users/mmetcalf/Dropbox/Quantum Embedding/Codes/Lithium_Downfolding/Qiskit Chem/Hamiltonian_Downfolding_IBM/nlopt-2.6.2/CMakeFiles/CMakeTmp/testCCompiler.c"
Linking C executable cmTC_e64dc
/usr/local/Cellar/cmake/3.17.3/bin/cmake -E cmake_link_script CMakeFiles/cmTC_e64dc.dir/link.txt --verbose=1
/Library/Developer/CommandLineTools/usr/bin/cc   -isysroot /Library/Developer/CommandLineTools/SDKs/MacOSX10.15.sdk -Wl,-search_paths_first -Wl,-headerpad_max_install_names   CMakeFiles/cmTC_e64dc.dir/testCCompiler.c.o  -o cmTC_e64dc 



Detecting C compiler ABI info compiled with the following output:
Change Dir: /Users/mmetcalf/Dropbox/Quantum Embedding/Codes/Lithium_Downfolding/Qiskit Chem/Hamiltonian_Downfolding_IBM/nlopt-2.6.2/CMakeFiles/CMakeTmp

Run Build Command(s):/usr/bin/make cmTC_883bf/fast && /Library/Developer/CommandLineTools/usr/bin/make  -f CMakeFiles/cmTC_883bf.dir/build.make CMakeFiles/cmTC_883bf.dir/build
Building C object CMakeFiles/cmTC_883bf.dir/CMakeCCompilerABI.c.o
/Library/Developer/CommandLineTools/usr/bin/cc   -isysroot /Library/Developer/CommandLineTools/SDKs/MacOSX10.15.sdk   -v -Wl,-v -o CMakeFiles/cmTC_883bf.dir/CMakeCCompilerABI.c.o   -c /usr/local/Cellar/cmake/3.17.3/share/cmake/Modules/CMakeCCompilerABI.c
Apple clang version 11.0.0 (clang-1100.0.33.12)
Target: x86_64-apple-darwin19.5.0
Thread model: posix
InstalledDir: /Library/Developer/CommandLineTools/usr/bin
clang: warning: -Wl,-v: 'linker' input unused [-Wunused-command-line-argument]
 "/Library/Developer/CommandLineTools/usr/bin/clang" -cc1 -triple x86_64-apple-macosx10.15.0 -Wdeprecated-objc-isa-usage -Werror=deprecated-objc-isa-usage -emit-obj -mrelax-all -disable-free -disable-llvm-verifier -discard-value-names -main-file-name CMakeCCompilerABI.c -mrelocation-model pic -pic-level 2 -mthread-model posix -mdisable-fp-elim -fno-strict-return -masm-verbose -munwind-tables -target-sdk-version=10.15 -target-cpu penryn -dwarf-column-info -debugger-tuning=lldb -ggnu-pubnames -target-linker-version 520 -v -coverage-notes-file /Users/mmetcalf/Dropbox/Quantum Embedding/Codes/Lithium_Downfolding/Qiskit Chem/Hamiltonian_Downfolding_IBM/nlopt-2.6.2/CMakeFiles/CMakeTmp/CMakeFiles/cmTC_883bf.dir/CMakeCCompilerABI.c.gcno -resource-dir /Library/Developer/CommandLineTools/usr/lib/clang/11.0.0 -isysroot /Library/Developer/CommandLineTools/SDKs/MacOSX10.15.sdk -Wno-framework-include-private-from-public -Wno-atimport-in-framework-header -Wno-extra-semi-stmt -Wno-quoted-include-in-framework-header -fdebug-compilation-dir /Users/mmetcalf/Dropbox/Quantum Embedding/Codes/Lithium_Downfolding/Qiskit Chem/Hamiltonian_Downfolding_IBM/nlopt-2.6.2/CMakeFiles/CMakeTmp -ferror-limit 19 -fmessage-length 0 -stack-protector 1 -fstack-check -mdarwin-stkchk-strong-link -fblocks -fencode-extended-block-signature -fregister-global-dtors-with-atexit -fobjc-runtime=macosx-10.15.0 -fmax-type-align=16 -fdiagnostics-show-option -o CMakeFiles/cmTC_883bf.dir/CMakeCCompilerABI.c.o -x c /usr/local/Cellar/cmake/3.17.3/share/cmake/Modules/CMakeCCompilerABI.c
clang -cc1 version 11.0.0 (clang-1100.0.33.12) default target x86_64-apple-darwin19.5.0
ignoring nonexistent directory "/Library/Developer/CommandLineTools/SDKs/MacOSX10.15.sdk/usr/local/include"
ignoring nonexistent directory "/Library/Developer/CommandLineTools/SDKs/MacOSX10.15.sdk/Library/Frameworks"
#include "..." search starts here:
#include <...> search starts here:
 /Library/Developer/CommandLineTools/usr/lib/clang/11.0.0/include
 /Library/Developer/CommandLineTools/usr/include
 /Library/Developer/CommandLineTools/SDKs/MacOSX10.15.sdk/usr/include
 /Library/Developer/CommandLineTools/SDKs/MacOSX10.15.sdk/System/Library/Frameworks (framework directory)
End of search list.
Linking C executable cmTC_883bf
/usr/local/Cellar/cmake/3.17.3/bin/cmake -E cmake_link_script CMakeFiles/cmTC_883bf.dir/link.txt --verbose=1
/Library/Developer/CommandLineTools/usr/bin/cc   -isysroot /Library/Developer/CommandLineTools/SDKs/MacOSX10.15.sdk -Wl,-search_paths_first -Wl,-headerpad_max_install_names  -v -Wl,-v CMakeFiles/cmTC_883bf.dir/CMakeCCompilerABI.c.o  -o cmTC_883bf 
Apple clang version 11.0.0 (clang-1100.0.33.12)
Target: x86_64-apple-darwin19.5.0
Thread model: posix
InstalledDir: /Library/Developer/CommandLineTools/usr/bin
 "/Library/Developer/CommandLineTools/usr/bin/ld" -demangle -lto_library /Library/Developer/CommandLineTools/usr/lib/libLTO.dylib -dynamic -arch x86_64 -macosx_version_min 10.15.0 -syslibroot /Library/Developer/CommandLineTools/SDKs/MacOSX10.15.sdk -o cmTC_883bf -search_paths_first -headerpad_max_install_names -v CMakeFiles/cmTC_883bf.dir/CMakeCCompilerABI.c.o -lSystem /Library/Developer/CommandLineTools/usr/lib/clang/11.0.0/lib/darwin/libclang_rt.osx.a
@(#)PROGRAM:ld  PROJECT:ld64-520
BUILD 18:38:01 Oct 11 2019
configured to support archs: armv6 armv7 armv7s arm64 arm64e arm64_32 i386 x86_64 x86_64h armv6m armv7k armv7m armv7em
Library search paths:
	/Library/Developer/CommandLineTools/SDKs/MacOSX10.15.sdk/usr/lib
Framework search paths:
	/Library/Developer/CommandLineTools/SDKs/MacOSX10.15.sdk/System/Library/Frameworks/



Parsed C implicit include dir info from above output: rv=done
  found start of include info
  found start of implicit include info
    add: [/Library/Developer/CommandLineTools/usr/lib/clang/11.0.0/include]
    add: [/Library/Developer/CommandLineTools/usr/include]
    add: [/Library/Developer/CommandLineTools/SDKs/MacOSX10.15.sdk/usr/include]
  end of search list found
  collapse include dir [/Library/Developer/CommandLineTools/usr/lib/clang/11.0.0/include] ==> [/Library/Developer/CommandLineTools/usr/lib/clang/11.0.0/include]
  collapse include dir [/Library/Developer/CommandLineTools/usr/include] ==> [/Library/Developer/CommandLineTools/usr/include]
  collapse include dir [/Library/Developer/CommandLineTools/SDKs/MacOSX10.15.sdk/usr/include] ==> [/Library/Developer/CommandLineTools/SDKs/MacOSX10.15.sdk/usr/include]
  implicit include dirs: [/Library/Developer/CommandLineTools/usr/lib/clang/11.0.0/include;/Library/Developer/CommandLineTools/usr/include;/Library/Developer/CommandLineTools/SDKs/MacOSX10.15.sdk/usr/include]


Parsed C implicit link information from above output:
  link line regex: [^( *|.*[/\])(ld|CMAKE_LINK_STARTFILE-NOTFOUND|([^/\]+-)?ld|collect2)[^/\]*( |$)]
  ignore line: [Change Dir: /Users/mmetcalf/Dropbox/Quantum Embedding/Codes/Lithium_Downfolding/Qiskit Chem/Hamiltonian_Downfolding_IBM/nlopt-2.6.2/CMakeFiles/CMakeTmp]
  ignore line: []
  ignore line: [Run Build Command(s):/usr/bin/make cmTC_883bf/fast && /Library/Developer/CommandLineTools/usr/bin/make  -f CMakeFiles/cmTC_883bf.dir/build.make CMakeFiles/cmTC_883bf.dir/build]
  ignore line: [Building C object CMakeFiles/cmTC_883bf.dir/CMakeCCompilerABI.c.o]
  ignore line: [/Library/Developer/CommandLineTools/usr/bin/cc   -isysroot /Library/Developer/CommandLineTools/SDKs/MacOSX10.15.sdk   -v -Wl -v -o CMakeFiles/cmTC_883bf.dir/CMakeCCompilerABI.c.o   -c /usr/local/Cellar/cmake/3.17.3/share/cmake/Modules/CMakeCCompilerABI.c]
  ignore line: [Apple clang version 11.0.0 (clang-1100.0.33.12)]
  ignore line: [Target: x86_64-apple-darwin19.5.0]
  ignore line: [Thread model: posix]
  ignore line: [InstalledDir: /Library/Developer/CommandLineTools/usr/bin]
  ignore line: [clang: warning: -Wl -v: 'linker' input unused [-Wunused-command-line-argument]]
  ignore line: [ "/Library/Developer/CommandLineTools/usr/bin/clang" -cc1 -triple x86_64-apple-macosx10.15.0 -Wdeprecated-objc-isa-usage -Werror=deprecated-objc-isa-usage -emit-obj -mrelax-all -disable-free -disable-llvm-verifier -discard-value-names -main-file-name CMakeCCompilerABI.c -mrelocation-model pic -pic-level 2 -mthread-model posix -mdisable-fp-elim -fno-strict-return -masm-verbose -munwind-tables -target-sdk-version=10.15 -target-cpu penryn -dwarf-column-info -debugger-tuning=lldb -ggnu-pubnames -target-linker-version 520 -v -coverage-notes-file /Users/mmetcalf/Dropbox/Quantum Embedding/Codes/Lithium_Downfolding/Qiskit Chem/Hamiltonian_Downfolding_IBM/nlopt-2.6.2/CMakeFiles/CMakeTmp/CMakeFiles/cmTC_883bf.dir/CMakeCCompilerABI.c.gcno -resource-dir /Library/Developer/CommandLineTools/usr/lib/clang/11.0.0 -isysroot /Library/Developer/CommandLineTools/SDKs/MacOSX10.15.sdk -Wno-framework-include-private-from-public -Wno-atimport-in-framework-header -Wno-extra-semi-stmt -Wno-quoted-include-in-framework-header -fdebug-compilation-dir /Users/mmetcalf/Dropbox/Quantum Embedding/Codes/Lithium_Downfolding/Qiskit Chem/Hamiltonian_Downfolding_IBM/nlopt-2.6.2/CMakeFiles/CMakeTmp -ferror-limit 19 -fmessage-length 0 -stack-protector 1 -fstack-check -mdarwin-stkchk-strong-link -fblocks -fencode-extended-block-signature -fregister-global-dtors-with-atexit -fobjc-runtime=macosx-10.15.0 -fmax-type-align=16 -fdiagnostics-show-option -o CMakeFiles/cmTC_883bf.dir/CMakeCCompilerABI.c.o -x c /usr/local/Cellar/cmake/3.17.3/share/cmake/Modules/CMakeCCompilerABI.c]
  ignore line: [clang -cc1 version 11.0.0 (clang-1100.0.33.12) default target x86_64-apple-darwin19.5.0]
  ignore line: [ignoring nonexistent directory "/Library/Developer/CommandLineTools/SDKs/MacOSX10.15.sdk/usr/local/include"]
  ignore line: [ignoring nonexistent directory "/Library/Developer/CommandLineTools/SDKs/MacOSX10.15.sdk/Library/Frameworks"]
  ignore line: [#include "..." search starts here:]
  ignore line: [#include <...> search starts here:]
  ignore line: [ /Library/Developer/CommandLineTools/usr/lib/clang/11.0.0/include]
  ignore line: [ /Library/Developer/CommandLineTools/usr/include]
  ignore line: [ /Library/Developer/CommandLineTools/SDKs/MacOSX10.15.sdk/usr/include]
  ignore line: [ /Library/Developer/CommandLineTools/SDKs/MacOSX10.15.sdk/System/Library/Frameworks (framework directory)]
  ignore line: [End of search list.]
  ignore line: [Linking C executable cmTC_883bf]
  ignore line: [/usr/local/Cellar/cmake/3.17.3/bin/cmake -E cmake_link_script CMakeFiles/cmTC_883bf.dir/link.txt --verbose=1]
  ignore line: [/Library/Developer/CommandLineTools/usr/bin/cc   -isysroot /Library/Developer/CommandLineTools/SDKs/MacOSX10.15.sdk -Wl -search_paths_first -Wl -headerpad_max_install_names  -v -Wl -v CMakeFiles/cmTC_883bf.dir/CMakeCCompilerABI.c.o  -o cmTC_883bf ]
  ignore line: [Apple clang version 11.0.0 (clang-1100.0.33.12)]
  ignore line: [Target: x86_64-apple-darwin19.5.0]
  ignore line: [Thread model: posix]
  ignore line: [InstalledDir: /Library/Developer/CommandLineTools/usr/bin]
  link line: [ "/Library/Developer/CommandLineTools/usr/bin/ld" -demangle -lto_library /Library/Developer/CommandLineTools/usr/lib/libLTO.dylib -dynamic -arch x86_64 -macosx_version_min 10.15.0 -syslibroot /Library/Developer/CommandLineTools/SDKs/MacOSX10.15.sdk -o cmTC_883bf -search_paths_first -headerpad_max_install_names -v CMakeFiles/cmTC_883bf.dir/CMakeCCompilerABI.c.o -lSystem /Library/Developer/CommandLineTools/usr/lib/clang/11.0.0/lib/darwin/libclang_rt.osx.a]
    arg [/Library/Developer/CommandLineTools/usr/bin/ld] ==> ignore
    arg [-demangle] ==> ignore
    arg [-lto_library] ==> ignore, skip following value
    arg [/Library/Developer/CommandLineTools/usr/lib/libLTO.dylib] ==> skip value of -lto_library
    arg [-dynamic] ==> ignore
    arg [-arch] ==> ignore
    arg [x86_64] ==> ignore
    arg [-macosx_version_min] ==> ignore
    arg [10.15.0] ==> ignore
    arg [-syslibroot] ==> ignore
    arg [/Library/Developer/CommandLineTools/SDKs/MacOSX10.15.sdk] ==> ignore
    arg [-o] ==> ignore
    arg [cmTC_883bf] ==> ignore
    arg [-search_paths_first] ==> ignore
    arg [-headerpad_max_install_names] ==> ignore
    arg [-v] ==> ignore
    arg [CMakeFiles/cmTC_883bf.dir/CMakeCCompilerABI.c.o] ==> ignore
    arg [-lSystem] ==> lib [System]
    arg [/Library/Developer/CommandLineTools/usr/lib/clang/11.0.0/lib/darwin/libclang_rt.osx.a] ==> lib [/Library/Developer/CommandLineTools/usr/lib/clang/11.0.0/lib/darwin/libclang_rt.osx.a]
  Library search paths: [;/Library/Developer/CommandLineTools/SDKs/MacOSX10.15.sdk/usr/lib]
  Framework search paths: [;/Library/Developer/CommandLineTools/SDKs/MacOSX10.15.sdk/System/Library/Frameworks/]
  remove lib [System]
  remove lib [/Library/Developer/CommandLineTools/usr/lib/clang/11.0.0/lib/darwin/libclang_rt.osx.a]
  collapse library dir [/Library/Developer/CommandLineTools/SDKs/MacOSX10.15.sdk/usr/lib] ==> [/Library/Developer/CommandLineTools/SDKs/MacOSX10.15.sdk/usr/lib]
  collapse framework dir [/Library/Developer/CommandLineTools/SDKs/MacOSX10.15.sdk/System/Library/Frameworks/] ==> [/Library/Developer/CommandLineTools/SDKs/MacOSX10.15.sdk/System/Library/Frameworks]
  implicit libs: []
  implicit dirs: [/Library/Developer/CommandLineTools/SDKs/MacOSX10.15.sdk/usr/lib]
  implicit fwks: [/Library/Developer/CommandLineTools/SDKs/MacOSX10.15.sdk/System/Library/Frameworks]


Determining if the CXX compiler works passed with the following output:
Change Dir: /Users/mmetcalf/Dropbox/Quantum Embedding/Codes/Lithium_Downfolding/Qiskit Chem/Hamiltonian_Downfolding_IBM/nlopt-2.6.2/CMakeFiles/CMakeTmp

Run Build Command(s):/usr/bin/make cmTC_004e8/fast && /Library/Developer/CommandLineTools/usr/bin/make  -f CMakeFiles/cmTC_004e8.dir/build.make CMakeFiles/cmTC_004e8.dir/build
Building CXX object CMakeFiles/cmTC_004e8.dir/testCXXCompiler.cxx.o
/Library/Developer/CommandLineTools/usr/bin/c++    -isysroot /Library/Developer/CommandLineTools/SDKs/MacOSX10.15.sdk   -o CMakeFiles/cmTC_004e8.dir/testCXXCompiler.cxx.o -c "/Users/mmetcalf/Dropbox/Quantum Embedding/Codes/Lithium_Downfolding/Qiskit Chem/Hamiltonian_Downfolding_IBM/nlopt-2.6.2/CMakeFiles/CMakeTmp/testCXXCompiler.cxx"
Linking CXX executable cmTC_004e8
/usr/local/Cellar/cmake/3.17.3/bin/cmake -E cmake_link_script CMakeFiles/cmTC_004e8.dir/link.txt --verbose=1
/Library/Developer/CommandLineTools/usr/bin/c++    -isysroot /Library/Developer/CommandLineTools/SDKs/MacOSX10.15.sdk -Wl,-search_paths_first -Wl,-headerpad_max_install_names   CMakeFiles/cmTC_004e8.dir/testCXXCompiler.cxx.o  -o cmTC_004e8 



Detecting CXX compiler ABI info compiled with the following output:
Change Dir: /Users/mmetcalf/Dropbox/Quantum Embedding/Codes/Lithium_Downfolding/Qiskit Chem/Hamiltonian_Downfolding_IBM/nlopt-2.6.2/CMakeFiles/CMakeTmp

Run Build Command(s):/usr/bin/make cmTC_a9570/fast && /Library/Developer/CommandLineTools/usr/bin/make  -f CMakeFiles/cmTC_a9570.dir/build.make CMakeFiles/cmTC_a9570.dir/build
Building CXX object CMakeFiles/cmTC_a9570.dir/CMakeCXXCompilerABI.cpp.o
/Library/Developer/CommandLineTools/usr/bin/c++    -isysroot /Library/Developer/CommandLineTools/SDKs/MacOSX10.15.sdk   -v -Wl,-v -o CMakeFiles/cmTC_a9570.dir/CMakeCXXCompilerABI.cpp.o -c /usr/local/Cellar/cmake/3.17.3/share/cmake/Modules/CMakeCXXCompilerABI.cpp
Apple clang version 11.0.0 (clang-1100.0.33.12)
Target: x86_64-apple-darwin19.5.0
Thread model: posix
InstalledDir: /Library/Developer/CommandLineTools/usr/bin
clang: warning: -Wl,-v: 'linker' input unused [-Wunused-command-line-argument]
 "/Library/Developer/CommandLineTools/usr/bin/clang" -cc1 -triple x86_64-apple-macosx10.15.0 -Wdeprecated-objc-isa-usage -Werror=deprecated-objc-isa-usage -emit-obj -mrelax-all -disable-free -disable-llvm-verifier -discard-value-names -main-file-name CMakeCXXCompilerABI.cpp -mrelocation-model pic -pic-level 2 -mthread-model posix -mdisable-fp-elim -fno-strict-return -masm-verbose -munwind-tables -target-sdk-version=10.15 -target-cpu penryn -dwarf-column-info -debugger-tuning=lldb -ggnu-pubnames -target-linker-version 520 -v -coverage-notes-file /Users/mmetcalf/Dropbox/Quantum Embedding/Codes/Lithium_Downfolding/Qiskit Chem/Hamiltonian_Downfolding_IBM/nlopt-2.6.2/CMakeFiles/CMakeTmp/CMakeFiles/cmTC_a9570.dir/CMakeCXXCompilerABI.cpp.gcno -resource-dir /Library/Developer/CommandLineTools/usr/lib/clang/11.0.0 -isysroot /Library/Developer/CommandLineTools/SDKs/MacOSX10.15.sdk -stdlib=libc++ -internal-isystem /Library/Developer/CommandLineTools/usr/bin/../include/c++/v1 -Wno-framework-include-private-from-public -Wno-atimport-in-framework-header -Wno-extra-semi-stmt -Wno-quoted-include-in-framework-header -fdeprecated-macro -fdebug-compilation-dir /Users/mmetcalf/Dropbox/Quantum Embedding/Codes/Lithium_Downfolding/Qiskit Chem/Hamiltonian_Downfolding_IBM/nlopt-2.6.2/CMakeFiles/CMakeTmp -ferror-limit 19 -fmessage-length 0 -stack-protector 1 -fstack-check -mdarwin-stkchk-strong-link -fblocks -fencode-extended-block-signature -fregister-global-dtors-with-atexit -fobjc-runtime=macosx-10.15.0 -fcxx-exceptions -fexceptions -fmax-type-align=16 -fdiagnostics-show-option -o CMakeFiles/cmTC_a9570.dir/CMakeCXXCompilerABI.cpp.o -x c++ /usr/local/Cellar/cmake/3.17.3/share/cmake/Modules/CMakeCXXCompilerABI.cpp
clang -cc1 version 11.0.0 (clang-1100.0.33.12) default target x86_64-apple-darwin19.5.0
ignoring nonexistent directory "/Library/Developer/CommandLineTools/SDKs/MacOSX10.15.sdk/usr/include/c++/v1"
ignoring nonexistent directory "/Library/Developer/CommandLineTools/SDKs/MacOSX10.15.sdk/usr/local/include"
ignoring nonexistent directory "/Library/Developer/CommandLineTools/SDKs/MacOSX10.15.sdk/Library/Frameworks"
#include "..." search starts here:
#include <...> search starts here:
 /Library/Developer/CommandLineTools/usr/bin/../include/c++/v1
 /Library/Developer/CommandLineTools/usr/lib/clang/11.0.0/include
 /Library/Developer/CommandLineTools/usr/include
 /Library/Developer/CommandLineTools/SDKs/MacOSX10.15.sdk/usr/include
 /Library/Developer/CommandLineTools/SDKs/MacOSX10.15.sdk/System/Library/Frameworks (framework directory)
End of search list.
Linking CXX executable cmTC_a9570
/usr/local/Cellar/cmake/3.17.3/bin/cmake -E cmake_link_script CMakeFiles/cmTC_a9570.dir/link.txt --verbose=1
/Library/Developer/CommandLineTools/usr/bin/c++    -isysroot /Library/Developer/CommandLineTools/SDKs/MacOSX10.15.sdk -Wl,-search_paths_first -Wl,-headerpad_max_install_names  -v -Wl,-v CMakeFiles/cmTC_a9570.dir/CMakeCXXCompilerABI.cpp.o  -o cmTC_a9570 
Apple clang version 11.0.0 (clang-1100.0.33.12)
Target: x86_64-apple-darwin19.5.0
Thread model: posix
InstalledDir: /Library/Developer/CommandLineTools/usr/bin
 "/Library/Developer/CommandLineTools/usr/bin/ld" -demangle -lto_library /Library/Developer/CommandLineTools/usr/lib/libLTO.dylib -dynamic -arch x86_64 -macosx_version_min 10.15.0 -syslibroot /Library/Developer/CommandLineTools/SDKs/MacOSX10.15.sdk -o cmTC_a9570 -search_paths_first -headerpad_max_install_names -v CMakeFiles/cmTC_a9570.dir/CMakeCXXCompilerABI.cpp.o -lc++ -lSystem /Library/Developer/CommandLineTools/usr/lib/clang/11.0.0/lib/darwin/libclang_rt.osx.a
@(#)PROGRAM:ld  PROJECT:ld64-520
BUILD 18:38:01 Oct 11 2019
configured to support archs: armv6 armv7 armv7s arm64 arm64e arm64_32 i386 x86_64 x86_64h armv6m armv7k armv7m armv7em
Library search paths:
	/Library/Developer/CommandLineTools/SDKs/MacOSX10.15.sdk/usr/lib
Framework search paths:
	/Library/Developer/CommandLineTools/SDKs/MacOSX10.15.sdk/System/Library/Frameworks/



Parsed CXX implicit include dir info from above output: rv=done
  found start of include info
  found start of implicit include info
    add: [/Library/Developer/CommandLineTools/usr/bin/../include/c++/v1]
    add: [/Library/Developer/CommandLineTools/usr/lib/clang/11.0.0/include]
    add: [/Library/Developer/CommandLineTools/usr/include]
    add: [/Library/Developer/CommandLineTools/SDKs/MacOSX10.15.sdk/usr/include]
  end of search list found
  collapse include dir [/Library/Developer/CommandLineTools/usr/bin/../include/c++/v1] ==> [/Library/Developer/CommandLineTools/usr/include/c++/v1]
  collapse include dir [/Library/Developer/CommandLineTools/usr/lib/clang/11.0.0/include] ==> [/Library/Developer/CommandLineTools/usr/lib/clang/11.0.0/include]
  collapse include dir [/Library/Developer/CommandLineTools/usr/include] ==> [/Library/Developer/CommandLineTools/usr/include]
  collapse include dir [/Library/Developer/CommandLineTools/SDKs/MacOSX10.15.sdk/usr/include] ==> [/Library/Developer/CommandLineTools/SDKs/MacOSX10.15.sdk/usr/include]
  implicit include dirs: [/Library/Developer/CommandLineTools/usr/include/c++/v1;/Library/Developer/CommandLineTools/usr/lib/clang/11.0.0/include;/Library/Developer/CommandLineTools/usr/include;/Library/Developer/CommandLineTools/SDKs/MacOSX10.15.sdk/usr/include]


Parsed CXX implicit link information from above output:
  link line regex: [^( *|.*[/\])(ld|CMAKE_LINK_STARTFILE-NOTFOUND|([^/\]+-)?ld|collect2)[^/\]*( |$)]
  ignore line: [Change Dir: /Users/mmetcalf/Dropbox/Quantum Embedding/Codes/Lithium_Downfolding/Qiskit Chem/Hamiltonian_Downfolding_IBM/nlopt-2.6.2/CMakeFiles/CMakeTmp]
  ignore line: []
  ignore line: [Run Build Command(s):/usr/bin/make cmTC_a9570/fast && /Library/Developer/CommandLineTools/usr/bin/make  -f CMakeFiles/cmTC_a9570.dir/build.make CMakeFiles/cmTC_a9570.dir/build]
  ignore line: [Building CXX object CMakeFiles/cmTC_a9570.dir/CMakeCXXCompilerABI.cpp.o]
  ignore line: [/Library/Developer/CommandLineTools/usr/bin/c++    -isysroot /Library/Developer/CommandLineTools/SDKs/MacOSX10.15.sdk   -v -Wl -v -o CMakeFiles/cmTC_a9570.dir/CMakeCXXCompilerABI.cpp.o -c /usr/local/Cellar/cmake/3.17.3/share/cmake/Modules/CMakeCXXCompilerABI.cpp]
  ignore line: [Apple clang version 11.0.0 (clang-1100.0.33.12)]
  ignore line: [Target: x86_64-apple-darwin19.5.0]
  ignore line: [Thread model: posix]
  ignore line: [InstalledDir: /Library/Developer/CommandLineTools/usr/bin]
  ignore line: [clang: warning: -Wl -v: 'linker' input unused [-Wunused-command-line-argument]]
  ignore line: [ "/Library/Developer/CommandLineTools/usr/bin/clang" -cc1 -triple x86_64-apple-macosx10.15.0 -Wdeprecated-objc-isa-usage -Werror=deprecated-objc-isa-usage -emit-obj -mrelax-all -disable-free -disable-llvm-verifier -discard-value-names -main-file-name CMakeCXXCompilerABI.cpp -mrelocation-model pic -pic-level 2 -mthread-model posix -mdisable-fp-elim -fno-strict-return -masm-verbose -munwind-tables -target-sdk-version=10.15 -target-cpu penryn -dwarf-column-info -debugger-tuning=lldb -ggnu-pubnames -target-linker-version 520 -v -coverage-notes-file /Users/mmetcalf/Dropbox/Quantum Embedding/Codes/Lithium_Downfolding/Qiskit Chem/Hamiltonian_Downfolding_IBM/nlopt-2.6.2/CMakeFiles/CMakeTmp/CMakeFiles/cmTC_a9570.dir/CMakeCXXCompilerABI.cpp.gcno -resource-dir /Library/Developer/CommandLineTools/usr/lib/clang/11.0.0 -isysroot /Library/Developer/CommandLineTools/SDKs/MacOSX10.15.sdk -stdlib=libc++ -internal-isystem /Library/Developer/CommandLineTools/usr/bin/../include/c++/v1 -Wno-framework-include-private-from-public -Wno-atimport-in-framework-header -Wno-extra-semi-stmt -Wno-quoted-include-in-framework-header -fdeprecated-macro -fdebug-compilation-dir /Users/mmetcalf/Dropbox/Quantum Embedding/Codes/Lithium_Downfolding/Qiskit Chem/Hamiltonian_Downfolding_IBM/nlopt-2.6.2/CMakeFiles/CMakeTmp -ferror-limit 19 -fmessage-length 0 -stack-protector 1 -fstack-check -mdarwin-stkchk-strong-link -fblocks -fencode-extended-block-signature -fregister-global-dtors-with-atexit -fobjc-runtime=macosx-10.15.0 -fcxx-exceptions -fexceptions -fmax-type-align=16 -fdiagnostics-show-option -o CMakeFiles/cmTC_a9570.dir/CMakeCXXCompilerABI.cpp.o -x c++ /usr/local/Cellar/cmake/3.17.3/share/cmake/Modules/CMakeCXXCompilerABI.cpp]
  ignore line: [clang -cc1 version 11.0.0 (clang-1100.0.33.12) default target x86_64-apple-darwin19.5.0]
  ignore line: [ignoring nonexistent directory "/Library/Developer/CommandLineTools/SDKs/MacOSX10.15.sdk/usr/include/c++/v1"]
  ignore line: [ignoring nonexistent directory "/Library/Developer/CommandLineTools/SDKs/MacOSX10.15.sdk/usr/local/include"]
  ignore line: [ignoring nonexistent directory "/Library/Developer/CommandLineTools/SDKs/MacOSX10.15.sdk/Library/Frameworks"]
  ignore line: [#include "..." search starts here:]
  ignore line: [#include <...> search starts here:]
  ignore line: [ /Library/Developer/CommandLineTools/usr/bin/../include/c++/v1]
  ignore line: [ /Library/Developer/CommandLineTools/usr/lib/clang/11.0.0/include]
  ignore line: [ /Library/Developer/CommandLineTools/usr/include]
  ignore line: [ /Library/Developer/CommandLineTools/SDKs/MacOSX10.15.sdk/usr/include]
  ignore line: [ /Library/Developer/CommandLineTools/SDKs/MacOSX10.15.sdk/System/Library/Frameworks (framework directory)]
  ignore line: [End of search list.]
  ignore line: [Linking CXX executable cmTC_a9570]
  ignore line: [/usr/local/Cellar/cmake/3.17.3/bin/cmake -E cmake_link_script CMakeFiles/cmTC_a9570.dir/link.txt --verbose=1]
  ignore line: [/Library/Developer/CommandLineTools/usr/bin/c++    -isysroot /Library/Developer/CommandLineTools/SDKs/MacOSX10.15.sdk -Wl -search_paths_first -Wl -headerpad_max_install_names  -v -Wl -v CMakeFiles/cmTC_a9570.dir/CMakeCXXCompilerABI.cpp.o  -o cmTC_a9570 ]
  ignore line: [Apple clang version 11.0.0 (clang-1100.0.33.12)]
  ignore line: [Target: x86_64-apple-darwin19.5.0]
  ignore line: [Thread model: posix]
  ignore line: [InstalledDir: /Library/Developer/CommandLineTools/usr/bin]
  link line: [ "/Library/Developer/CommandLineTools/usr/bin/ld" -demangle -lto_library /Library/Developer/CommandLineTools/usr/lib/libLTO.dylib -dynamic -arch x86_64 -macosx_version_min 10.15.0 -syslibroot /Library/Developer/CommandLineTools/SDKs/MacOSX10.15.sdk -o cmTC_a9570 -search_paths_first -headerpad_max_install_names -v CMakeFiles/cmTC_a9570.dir/CMakeCXXCompilerABI.cpp.o -lc++ -lSystem /Library/Developer/CommandLineTools/usr/lib/clang/11.0.0/lib/darwin/libclang_rt.osx.a]
    arg [/Library/Developer/CommandLineTools/usr/bin/ld] ==> ignore
    arg [-demangle] ==> ignore
    arg [-lto_library] ==> ignore, skip following value
    arg [/Library/Developer/CommandLineTools/usr/lib/libLTO.dylib] ==> skip value of -lto_library
    arg [-dynamic] ==> ignore
    arg [-arch] ==> ignore
    arg [x86_64] ==> ignore
    arg [-macosx_version_min] ==> ignore
    arg [10.15.0] ==> ignore
    arg [-syslibroot] ==> ignore
    arg [/Library/Developer/CommandLineTools/SDKs/MacOSX10.15.sdk] ==> ignore
    arg [-o] ==> ignore
    arg [cmTC_a9570] ==> ignore
    arg [-search_paths_first] ==> ignore
    arg [-headerpad_max_install_names] ==> ignore
    arg [-v] ==> ignore
    arg [CMakeFiles/cmTC_a9570.dir/CMakeCXXCompilerABI.cpp.o] ==> ignore
    arg [-lc++] ==> lib [c++]
    arg [-lSystem] ==> lib [System]
    arg [/Library/Developer/CommandLineTools/usr/lib/clang/11.0.0/lib/darwin/libclang_rt.osx.a] ==> lib [/Library/Developer/CommandLineTools/usr/lib/clang/11.0.0/lib/darwin/libclang_rt.osx.a]
  Library search paths: [;/Library/Developer/CommandLineTools/SDKs/MacOSX10.15.sdk/usr/lib]
  Framework search paths: [;/Library/Developer/CommandLineTools/SDKs/MacOSX10.15.sdk/System/Library/Frameworks/]
  remove lib [System]
  remove lib [/Library/Developer/CommandLineTools/usr/lib/clang/11.0.0/lib/darwin/libclang_rt.osx.a]
  collapse library dir [/Library/Developer/CommandLineTools/SDKs/MacOSX10.15.sdk/usr/lib] ==> [/Library/Developer/CommandLineTools/SDKs/MacOSX10.15.sdk/usr/lib]
  collapse framework dir [/Library/Developer/CommandLineTools/SDKs/MacOSX10.15.sdk/System/Library/Frameworks/] ==> [/Library/Developer/CommandLineTools/SDKs/MacOSX10.15.sdk/System/Library/Frameworks]
  implicit libs: [c++]
  implicit dirs: [/Library/Developer/CommandLineTools/SDKs/MacOSX10.15.sdk/usr/lib]
  implicit fwks: [/Library/Developer/CommandLineTools/SDKs/MacOSX10.15.sdk/System/Library/Frameworks]


Determining if the include file dlfcn.h exists passed with the following output:
Change Dir: /Users/mmetcalf/Dropbox/Quantum Embedding/Codes/Lithium_Downfolding/Qiskit Chem/Hamiltonian_Downfolding_IBM/nlopt-2.6.2/CMakeFiles/CMakeTmp

Run Build Command(s):/usr/bin/make cmTC_0971b/fast && /Library/Developer/CommandLineTools/usr/bin/make  -f CMakeFiles/cmTC_0971b.dir/build.make CMakeFiles/cmTC_0971b.dir/build
Building C object CMakeFiles/cmTC_0971b.dir/CheckIncludeFile.c.o
/Library/Developer/CommandLineTools/usr/bin/cc   -isysroot /Library/Developer/CommandLineTools/SDKs/MacOSX10.15.sdk   -o CMakeFiles/cmTC_0971b.dir/CheckIncludeFile.c.o   -c "/Users/mmetcalf/Dropbox/Quantum Embedding/Codes/Lithium_Downfolding/Qiskit Chem/Hamiltonian_Downfolding_IBM/nlopt-2.6.2/CMakeFiles/CMakeTmp/CheckIncludeFile.c"
Linking C executable cmTC_0971b
/usr/local/Cellar/cmake/3.17.3/bin/cmake -E cmake_link_script CMakeFiles/cmTC_0971b.dir/link.txt --verbose=1
/Library/Developer/CommandLineTools/usr/bin/cc   -isysroot /Library/Developer/CommandLineTools/SDKs/MacOSX10.15.sdk -Wl,-search_paths_first -Wl,-headerpad_max_install_names   CMakeFiles/cmTC_0971b.dir/CheckIncludeFile.c.o  -o cmTC_0971b 



Determining if the include file getopt.h exists passed with the following output:
Change Dir: /Users/mmetcalf/Dropbox/Quantum Embedding/Codes/Lithium_Downfolding/Qiskit Chem/Hamiltonian_Downfolding_IBM/nlopt-2.6.2/CMakeFiles/CMakeTmp

Run Build Command(s):/usr/bin/make cmTC_a0910/fast && /Library/Developer/CommandLineTools/usr/bin/make  -f CMakeFiles/cmTC_a0910.dir/build.make CMakeFiles/cmTC_a0910.dir/build
Building C object CMakeFiles/cmTC_a0910.dir/CheckIncludeFile.c.o
/Library/Developer/CommandLineTools/usr/bin/cc   -isysroot /Library/Developer/CommandLineTools/SDKs/MacOSX10.15.sdk   -o CMakeFiles/cmTC_a0910.dir/CheckIncludeFile.c.o   -c "/Users/mmetcalf/Dropbox/Quantum Embedding/Codes/Lithium_Downfolding/Qiskit Chem/Hamiltonian_Downfolding_IBM/nlopt-2.6.2/CMakeFiles/CMakeTmp/CheckIncludeFile.c"
Linking C executable cmTC_a0910
/usr/local/Cellar/cmake/3.17.3/bin/cmake -E cmake_link_script CMakeFiles/cmTC_a0910.dir/link.txt --verbose=1
/Library/Developer/CommandLineTools/usr/bin/cc   -isysroot /Library/Developer/CommandLineTools/SDKs/MacOSX10.15.sdk -Wl,-search_paths_first -Wl,-headerpad_max_install_names   CMakeFiles/cmTC_a0910.dir/CheckIncludeFile.c.o  -o cmTC_a0910 



Determining if the include file unistd.h exists passed with the following output:
Change Dir: /Users/mmetcalf/Dropbox/Quantum Embedding/Codes/Lithium_Downfolding/Qiskit Chem/Hamiltonian_Downfolding_IBM/nlopt-2.6.2/CMakeFiles/CMakeTmp

Run Build Command(s):/usr/bin/make cmTC_5b60b/fast && /Library/Developer/CommandLineTools/usr/bin/make  -f CMakeFiles/cmTC_5b60b.dir/build.make CMakeFiles/cmTC_5b60b.dir/build
Building C object CMakeFiles/cmTC_5b60b.dir/CheckIncludeFile.c.o
/Library/Developer/CommandLineTools/usr/bin/cc   -isysroot /Library/Developer/CommandLineTools/SDKs/MacOSX10.15.sdk   -o CMakeFiles/cmTC_5b60b.dir/CheckIncludeFile.c.o   -c "/Users/mmetcalf/Dropbox/Quantum Embedding/Codes/Lithium_Downfolding/Qiskit Chem/Hamiltonian_Downfolding_IBM/nlopt-2.6.2/CMakeFiles/CMakeTmp/CheckIncludeFile.c"
Linking C executable cmTC_5b60b
/usr/local/Cellar/cmake/3.17.3/bin/cmake -E cmake_link_script CMakeFiles/cmTC_5b60b.dir/link.txt --verbose=1
/Library/Developer/CommandLineTools/usr/bin/cc   -isysroot /Library/Developer/CommandLineTools/SDKs/MacOSX10.15.sdk -Wl,-search_paths_first -Wl,-headerpad_max_install_names   CMakeFiles/cmTC_5b60b.dir/CheckIncludeFile.c.o  -o cmTC_5b60b 



Determining if the include file string.h exists passed with the following output:
Change Dir: /Users/mmetcalf/Dropbox/Quantum Embedding/Codes/Lithium_Downfolding/Qiskit Chem/Hamiltonian_Downfolding_IBM/nlopt-2.6.2/CMakeFiles/CMakeTmp

Run Build Command(s):/usr/bin/make cmTC_9a776/fast && /Library/Developer/CommandLineTools/usr/bin/make  -f CMakeFiles/cmTC_9a776.dir/build.make CMakeFiles/cmTC_9a776.dir/build
Building C object CMakeFiles/cmTC_9a776.dir/CheckIncludeFile.c.o
/Library/Developer/CommandLineTools/usr/bin/cc   -isysroot /Library/Developer/CommandLineTools/SDKs/MacOSX10.15.sdk   -o CMakeFiles/cmTC_9a776.dir/CheckIncludeFile.c.o   -c "/Users/mmetcalf/Dropbox/Quantum Embedding/Codes/Lithium_Downfolding/Qiskit Chem/Hamiltonian_Downfolding_IBM/nlopt-2.6.2/CMakeFiles/CMakeTmp/CheckIncludeFile.c"
Linking C executable cmTC_9a776
/usr/local/Cellar/cmake/3.17.3/bin/cmake -E cmake_link_script CMakeFiles/cmTC_9a776.dir/link.txt --verbose=1
/Library/Developer/CommandLineTools/usr/bin/cc   -isysroot /Library/Developer/CommandLineTools/SDKs/MacOSX10.15.sdk -Wl,-search_paths_first -Wl,-headerpad_max_install_names   CMakeFiles/cmTC_9a776.dir/CheckIncludeFile.c.o  -o cmTC_9a776 



Determining if the include file strings.h exists passed with the following output:
Change Dir: /Users/mmetcalf/Dropbox/Quantum Embedding/Codes/Lithium_Downfolding/Qiskit Chem/Hamiltonian_Downfolding_IBM/nlopt-2.6.2/CMakeFiles/CMakeTmp

Run Build Command(s):/usr/bin/make cmTC_300ef/fast && /Library/Developer/CommandLineTools/usr/bin/make  -f CMakeFiles/cmTC_300ef.dir/build.make CMakeFiles/cmTC_300ef.dir/build
Building C object CMakeFiles/cmTC_300ef.dir/CheckIncludeFile.c.o
/Library/Developer/CommandLineTools/usr/bin/cc   -isysroot /Library/Developer/CommandLineTools/SDKs/MacOSX10.15.sdk   -o CMakeFiles/cmTC_300ef.dir/CheckIncludeFile.c.o   -c "/Users/mmetcalf/Dropbox/Quantum Embedding/Codes/Lithium_Downfolding/Qiskit Chem/Hamiltonian_Downfolding_IBM/nlopt-2.6.2/CMakeFiles/CMakeTmp/CheckIncludeFile.c"
Linking C executable cmTC_300ef
/usr/local/Cellar/cmake/3.17.3/bin/cmake -E cmake_link_script CMakeFiles/cmTC_300ef.dir/link.txt --verbose=1
/Library/Developer/CommandLineTools/usr/bin/cc   -isysroot /Library/Developer/CommandLineTools/SDKs/MacOSX10.15.sdk -Wl,-search_paths_first -Wl,-headerpad_max_install_names   CMakeFiles/cmTC_300ef.dir/CheckIncludeFile.c.o  -o cmTC_300ef 



Determining if the include file inttypes.h exists passed with the following output:
Change Dir: /Users/mmetcalf/Dropbox/Quantum Embedding/Codes/Lithium_Downfolding/Qiskit Chem/Hamiltonian_Downfolding_IBM/nlopt-2.6.2/CMakeFiles/CMakeTmp

Run Build Command(s):/usr/bin/make cmTC_f4f62/fast && /Library/Developer/CommandLineTools/usr/bin/make  -f CMakeFiles/cmTC_f4f62.dir/build.make CMakeFiles/cmTC_f4f62.dir/build
Building C object CMakeFiles/cmTC_f4f62.dir/CheckIncludeFile.c.o
/Library/Developer/CommandLineTools/usr/bin/cc   -isysroot /Library/Developer/CommandLineTools/SDKs/MacOSX10.15.sdk   -o CMakeFiles/cmTC_f4f62.dir/CheckIncludeFile.c.o   -c "/Users/mmetcalf/Dropbox/Quantum Embedding/Codes/Lithium_Downfolding/Qiskit Chem/Hamiltonian_Downfolding_IBM/nlopt-2.6.2/CMakeFiles/CMakeTmp/CheckIncludeFile.c"
Linking C executable cmTC_f4f62
/usr/local/Cellar/cmake/3.17.3/bin/cmake -E cmake_link_script CMakeFiles/cmTC_f4f62.dir/link.txt --verbose=1
/Library/Developer/CommandLineTools/usr/bin/cc   -isysroot /Library/Developer/CommandLineTools/SDKs/MacOSX10.15.sdk -Wl,-search_paths_first -Wl,-headerpad_max_install_names   CMakeFiles/cmTC_f4f62.dir/CheckIncludeFile.c.o  -o cmTC_f4f62 



Determining if the include file memory.h exists passed with the following output:
Change Dir: /Users/mmetcalf/Dropbox/Quantum Embedding/Codes/Lithium_Downfolding/Qiskit Chem/Hamiltonian_Downfolding_IBM/nlopt-2.6.2/CMakeFiles/CMakeTmp

Run Build Command(s):/usr/bin/make cmTC_9d1aa/fast && /Library/Developer/CommandLineTools/usr/bin/make  -f CMakeFiles/cmTC_9d1aa.dir/build.make CMakeFiles/cmTC_9d1aa.dir/build
Building C object CMakeFiles/cmTC_9d1aa.dir/CheckIncludeFile.c.o
/Library/Developer/CommandLineTools/usr/bin/cc   -isysroot /Library/Developer/CommandLineTools/SDKs/MacOSX10.15.sdk   -o CMakeFiles/cmTC_9d1aa.dir/CheckIncludeFile.c.o   -c "/Users/mmetcalf/Dropbox/Quantum Embedding/Codes/Lithium_Downfolding/Qiskit Chem/Hamiltonian_Downfolding_IBM/nlopt-2.6.2/CMakeFiles/CMakeTmp/CheckIncludeFile.c"
Linking C executable cmTC_9d1aa
/usr/local/Cellar/cmake/3.17.3/bin/cmake -E cmake_link_script CMakeFiles/cmTC_9d1aa.dir/link.txt --verbose=1
/Library/Developer/CommandLineTools/usr/bin/cc   -isysroot /Library/Developer/CommandLineTools/SDKs/MacOSX10.15.sdk -Wl,-search_paths_first -Wl,-headerpad_max_install_names   CMakeFiles/cmTC_9d1aa.dir/CheckIncludeFile.c.o  -o cmTC_9d1aa 



Determining if the include file stdlib.h exists passed with the following output:
Change Dir: /Users/mmetcalf/Dropbox/Quantum Embedding/Codes/Lithium_Downfolding/Qiskit Chem/Hamiltonian_Downfolding_IBM/nlopt-2.6.2/CMakeFiles/CMakeTmp

Run Build Command(s):/usr/bin/make cmTC_492ab/fast && /Library/Developer/CommandLineTools/usr/bin/make  -f CMakeFiles/cmTC_492ab.dir/build.make CMakeFiles/cmTC_492ab.dir/build
Building C object CMakeFiles/cmTC_492ab.dir/CheckIncludeFile.c.o
/Library/Developer/CommandLineTools/usr/bin/cc   -isysroot /Library/Developer/CommandLineTools/SDKs/MacOSX10.15.sdk   -o CMakeFiles/cmTC_492ab.dir/CheckIncludeFile.c.o   -c "/Users/mmetcalf/Dropbox/Quantum Embedding/Codes/Lithium_Downfolding/Qiskit Chem/Hamiltonian_Downfolding_IBM/nlopt-2.6.2/CMakeFiles/CMakeTmp/CheckIncludeFile.c"
Linking C executable cmTC_492ab
/usr/local/Cellar/cmake/3.17.3/bin/cmake -E cmake_link_script CMakeFiles/cmTC_492ab.dir/link.txt --verbose=1
/Library/Developer/CommandLineTools/usr/bin/cc   -isysroot /Library/Developer/CommandLineTools/SDKs/MacOSX10.15.sdk -Wl,-search_paths_first -Wl,-headerpad_max_install_names   CMakeFiles/cmTC_492ab.dir/CheckIncludeFile.c.o  -o cmTC_492ab 



Determining if the include file stdint.h exists passed with the following output:
Change Dir: /Users/mmetcalf/Dropbox/Quantum Embedding/Codes/Lithium_Downfolding/Qiskit Chem/Hamiltonian_Downfolding_IBM/nlopt-2.6.2/CMakeFiles/CMakeTmp

Run Build Command(s):/usr/bin/make cmTC_74fce/fast && /Library/Developer/CommandLineTools/usr/bin/make  -f CMakeFiles/cmTC_74fce.dir/build.make CMakeFiles/cmTC_74fce.dir/build
Building C object CMakeFiles/cmTC_74fce.dir/CheckIncludeFile.c.o
/Library/Developer/CommandLineTools/usr/bin/cc   -isysroot /Library/Developer/CommandLineTools/SDKs/MacOSX10.15.sdk   -o CMakeFiles/cmTC_74fce.dir/CheckIncludeFile.c.o   -c "/Users/mmetcalf/Dropbox/Quantum Embedding/Codes/Lithium_Downfolding/Qiskit Chem/Hamiltonian_Downfolding_IBM/nlopt-2.6.2/CMakeFiles/CMakeTmp/CheckIncludeFile.c"
Linking C executable cmTC_74fce
/usr/local/Cellar/cmake/3.17.3/bin/cmake -E cmake_link_script CMakeFiles/cmTC_74fce.dir/link.txt --verbose=1
/Library/Developer/CommandLineTools/usr/bin/cc   -isysroot /Library/Developer/CommandLineTools/SDKs/MacOSX10.15.sdk -Wl,-search_paths_first -Wl,-headerpad_max_install_names   CMakeFiles/cmTC_74fce.dir/CheckIncludeFile.c.o  -o cmTC_74fce 



Determining if the include file time.h exists passed with the following output:
Change Dir: /Users/mmetcalf/Dropbox/Quantum Embedding/Codes/Lithium_Downfolding/Qiskit Chem/Hamiltonian_Downfolding_IBM/nlopt-2.6.2/CMakeFiles/CMakeTmp

Run Build Command(s):/usr/bin/make cmTC_d280c/fast && /Library/Developer/CommandLineTools/usr/bin/make  -f CMakeFiles/cmTC_d280c.dir/build.make CMakeFiles/cmTC_d280c.dir/build
Building C object CMakeFiles/cmTC_d280c.dir/CheckIncludeFile.c.o
/Library/Developer/CommandLineTools/usr/bin/cc   -isysroot /Library/Developer/CommandLineTools/SDKs/MacOSX10.15.sdk   -o CMakeFiles/cmTC_d280c.dir/CheckIncludeFile.c.o   -c "/Users/mmetcalf/Dropbox/Quantum Embedding/Codes/Lithium_Downfolding/Qiskit Chem/Hamiltonian_Downfolding_IBM/nlopt-2.6.2/CMakeFiles/CMakeTmp/CheckIncludeFile.c"
Linking C executable cmTC_d280c
/usr/local/Cellar/cmake/3.17.3/bin/cmake -E cmake_link_script CMakeFiles/cmTC_d280c.dir/link.txt --verbose=1
/Library/Developer/CommandLineTools/usr/bin/cc   -isysroot /Library/Developer/CommandLineTools/SDKs/MacOSX10.15.sdk -Wl,-search_paths_first -Wl,-headerpad_max_install_names   CMakeFiles/cmTC_d280c.dir/CheckIncludeFile.c.o  -o cmTC_d280c 



Determining if the include file sys/types.h exists passed with the following output:
Change Dir: /Users/mmetcalf/Dropbox/Quantum Embedding/Codes/Lithium_Downfolding/Qiskit Chem/Hamiltonian_Downfolding_IBM/nlopt-2.6.2/CMakeFiles/CMakeTmp

Run Build Command(s):/usr/bin/make cmTC_b0d1e/fast && /Library/Developer/CommandLineTools/usr/bin/make  -f CMakeFiles/cmTC_b0d1e.dir/build.make CMakeFiles/cmTC_b0d1e.dir/build
Building C object CMakeFiles/cmTC_b0d1e.dir/CheckIncludeFile.c.o
/Library/Developer/CommandLineTools/usr/bin/cc   -isysroot /Library/Developer/CommandLineTools/SDKs/MacOSX10.15.sdk   -o CMakeFiles/cmTC_b0d1e.dir/CheckIncludeFile.c.o   -c "/Users/mmetcalf/Dropbox/Quantum Embedding/Codes/Lithium_Downfolding/Qiskit Chem/Hamiltonian_Downfolding_IBM/nlopt-2.6.2/CMakeFiles/CMakeTmp/CheckIncludeFile.c"
Linking C executable cmTC_b0d1e
/usr/local/Cellar/cmake/3.17.3/bin/cmake -E cmake_link_script CMakeFiles/cmTC_b0d1e.dir/link.txt --verbose=1
/Library/Developer/CommandLineTools/usr/bin/cc   -isysroot /Library/Developer/CommandLineTools/SDKs/MacOSX10.15.sdk -Wl,-search_paths_first -Wl,-headerpad_max_install_names   CMakeFiles/cmTC_b0d1e.dir/CheckIncludeFile.c.o  -o cmTC_b0d1e 



Determining if the include file sys/stat.h exists passed with the following output:
Change Dir: /Users/mmetcalf/Dropbox/Quantum Embedding/Codes/Lithium_Downfolding/Qiskit Chem/Hamiltonian_Downfolding_IBM/nlopt-2.6.2/CMakeFiles/CMakeTmp

Run Build Command(s):/usr/bin/make cmTC_6cd62/fast && /Library/Developer/CommandLineTools/usr/bin/make  -f CMakeFiles/cmTC_6cd62.dir/build.make CMakeFiles/cmTC_6cd62.dir/build
Building C object CMakeFiles/cmTC_6cd62.dir/CheckIncludeFile.c.o
/Library/Developer/CommandLineTools/usr/bin/cc   -isysroot /Library/Developer/CommandLineTools/SDKs/MacOSX10.15.sdk   -o CMakeFiles/cmTC_6cd62.dir/CheckIncludeFile.c.o   -c "/Users/mmetcalf/Dropbox/Quantum Embedding/Codes/Lithium_Downfolding/Qiskit Chem/Hamiltonian_Downfolding_IBM/nlopt-2.6.2/CMakeFiles/CMakeTmp/CheckIncludeFile.c"
Linking C executable cmTC_6cd62
/usr/local/Cellar/cmake/3.17.3/bin/cmake -E cmake_link_script CMakeFiles/cmTC_6cd62.dir/link.txt --verbose=1
/Library/Developer/CommandLineTools/usr/bin/cc   -isysroot /Library/Developer/CommandLineTools/SDKs/MacOSX10.15.sdk -Wl,-search_paths_first -Wl,-headerpad_max_install_names   CMakeFiles/cmTC_6cd62.dir/CheckIncludeFile.c.o  -o cmTC_6cd62 



Determining if the include file sys/time.h exists passed with the following output:
Change Dir: /Users/mmetcalf/Dropbox/Quantum Embedding/Codes/Lithium_Downfolding/Qiskit Chem/Hamiltonian_Downfolding_IBM/nlopt-2.6.2/CMakeFiles/CMakeTmp

Run Build Command(s):/usr/bin/make cmTC_4d3fa/fast && /Library/Developer/CommandLineTools/usr/bin/make  -f CMakeFiles/cmTC_4d3fa.dir/build.make CMakeFiles/cmTC_4d3fa.dir/build
Building C object CMakeFiles/cmTC_4d3fa.dir/CheckIncludeFile.c.o
/Library/Developer/CommandLineTools/usr/bin/cc   -isysroot /Library/Developer/CommandLineTools/SDKs/MacOSX10.15.sdk   -o CMakeFiles/cmTC_4d3fa.dir/CheckIncludeFile.c.o   -c "/Users/mmetcalf/Dropbox/Quantum Embedding/Codes/Lithium_Downfolding/Qiskit Chem/Hamiltonian_Downfolding_IBM/nlopt-2.6.2/CMakeFiles/CMakeTmp/CheckIncludeFile.c"
Linking C executable cmTC_4d3fa
/usr/local/Cellar/cmake/3.17.3/bin/cmake -E cmake_link_script CMakeFiles/cmTC_4d3fa.dir/link.txt --verbose=1
/Library/Developer/CommandLineTools/usr/bin/cc   -isysroot /Library/Developer/CommandLineTools/SDKs/MacOSX10.15.sdk -Wl,-search_paths_first -Wl,-headerpad_max_install_names   CMakeFiles/cmTC_4d3fa.dir/CheckIncludeFile.c.o  -o cmTC_4d3fa 



Determining if the function getpid exists passed with the following output:
Change Dir: /Users/mmetcalf/Dropbox/Quantum Embedding/Codes/Lithium_Downfolding/Qiskit Chem/Hamiltonian_Downfolding_IBM/nlopt-2.6.2/CMakeFiles/CMakeTmp

Run Build Command(s):/usr/bin/make cmTC_572ec/fast && /Library/Developer/CommandLineTools/usr/bin/make  -f CMakeFiles/cmTC_572ec.dir/build.make CMakeFiles/cmTC_572ec.dir/build
Building C object CMakeFiles/cmTC_572ec.dir/CheckFunctionExists.c.o
/Library/Developer/CommandLineTools/usr/bin/cc   -DCHECK_FUNCTION_EXISTS=getpid -isysroot /Library/Developer/CommandLineTools/SDKs/MacOSX10.15.sdk   -o CMakeFiles/cmTC_572ec.dir/CheckFunctionExists.c.o   -c /usr/local/Cellar/cmake/3.17.3/share/cmake/Modules/CheckFunctionExists.c
Linking C executable cmTC_572ec
/usr/local/Cellar/cmake/3.17.3/bin/cmake -E cmake_link_script CMakeFiles/cmTC_572ec.dir/link.txt --verbose=1
/Library/Developer/CommandLineTools/usr/bin/cc  -DCHECK_FUNCTION_EXISTS=getpid -isysroot /Library/Developer/CommandLineTools/SDKs/MacOSX10.15.sdk -Wl,-search_paths_first -Wl,-headerpad_max_install_names   CMakeFiles/cmTC_572ec.dir/CheckFunctionExists.c.o  -o cmTC_572ec 



Determining if the function syscall exists passed with the following output:
Change Dir: /Users/mmetcalf/Dropbox/Quantum Embedding/Codes/Lithium_Downfolding/Qiskit Chem/Hamiltonian_Downfolding_IBM/nlopt-2.6.2/CMakeFiles/CMakeTmp

Run Build Command(s):/usr/bin/make cmTC_b984d/fast && /Library/Developer/CommandLineTools/usr/bin/make  -f CMakeFiles/cmTC_b984d.dir/build.make CMakeFiles/cmTC_b984d.dir/build
Building C object CMakeFiles/cmTC_b984d.dir/CheckFunctionExists.c.o
/Library/Developer/CommandLineTools/usr/bin/cc   -DCHECK_FUNCTION_EXISTS=syscall -isysroot /Library/Developer/CommandLineTools/SDKs/MacOSX10.15.sdk   -o CMakeFiles/cmTC_b984d.dir/CheckFunctionExists.c.o   -c /usr/local/Cellar/cmake/3.17.3/share/cmake/Modules/CheckFunctionExists.c
Linking C executable cmTC_b984d
/usr/local/Cellar/cmake/3.17.3/bin/cmake -E cmake_link_script CMakeFiles/cmTC_b984d.dir/link.txt --verbose=1
/Library/Developer/CommandLineTools/usr/bin/cc  -DCHECK_FUNCTION_EXISTS=syscall -isysroot /Library/Developer/CommandLineTools/SDKs/MacOSX10.15.sdk -Wl,-search_paths_first -Wl,-headerpad_max_install_names   CMakeFiles/cmTC_b984d.dir/CheckFunctionExists.c.o  -o cmTC_b984d 



Determining if the function isinf exists passed with the following output:
Change Dir: /Users/mmetcalf/Dropbox/Quantum Embedding/Codes/Lithium_Downfolding/Qiskit Chem/Hamiltonian_Downfolding_IBM/nlopt-2.6.2/CMakeFiles/CMakeTmp

Run Build Command(s):/usr/bin/make cmTC_145da/fast && /Library/Developer/CommandLineTools/usr/bin/make  -f CMakeFiles/cmTC_145da.dir/build.make CMakeFiles/cmTC_145da.dir/build
Building C object CMakeFiles/cmTC_145da.dir/CheckFunctionExists.c.o
/Library/Developer/CommandLineTools/usr/bin/cc   -DCHECK_FUNCTION_EXISTS=isinf -isysroot /Library/Developer/CommandLineTools/SDKs/MacOSX10.15.sdk   -o CMakeFiles/cmTC_145da.dir/CheckFunctionExists.c.o   -c /usr/local/Cellar/cmake/3.17.3/share/cmake/Modules/CheckFunctionExists.c
Linking C executable cmTC_145da
/usr/local/Cellar/cmake/3.17.3/bin/cmake -E cmake_link_script CMakeFiles/cmTC_145da.dir/link.txt --verbose=1
/Library/Developer/CommandLineTools/usr/bin/cc  -DCHECK_FUNCTION_EXISTS=isinf -isysroot /Library/Developer/CommandLineTools/SDKs/MacOSX10.15.sdk -Wl,-search_paths_first -Wl,-headerpad_max_install_names   CMakeFiles/cmTC_145da.dir/CheckFunctionExists.c.o  -o cmTC_145da 



Determining if the function isnan exists passed with the following output:
Change Dir: /Users/mmetcalf/Dropbox/Quantum Embedding/Codes/Lithium_Downfolding/Qiskit Chem/Hamiltonian_Downfolding_IBM/nlopt-2.6.2/CMakeFiles/CMakeTmp

Run Build Command(s):/usr/bin/make cmTC_c9656/fast && /Library/Developer/CommandLineTools/usr/bin/make  -f CMakeFiles/cmTC_c9656.dir/build.make CMakeFiles/cmTC_c9656.dir/build
Building C object CMakeFiles/cmTC_c9656.dir/CheckFunctionExists.c.o
/Library/Developer/CommandLineTools/usr/bin/cc   -DCHECK_FUNCTION_EXISTS=isnan -isysroot /Library/Developer/CommandLineTools/SDKs/MacOSX10.15.sdk   -o CMakeFiles/cmTC_c9656.dir/CheckFunctionExists.c.o   -c /usr/local/Cellar/cmake/3.17.3/share/cmake/Modules/CheckFunctionExists.c
Linking C executable cmTC_c9656
/usr/local/Cellar/cmake/3.17.3/bin/cmake -E cmake_link_script CMakeFiles/cmTC_c9656.dir/link.txt --verbose=1
/Library/Developer/CommandLineTools/usr/bin/cc  -DCHECK_FUNCTION_EXISTS=isnan -isysroot /Library/Developer/CommandLineTools/SDKs/MacOSX10.15.sdk -Wl,-search_paths_first -Wl,-headerpad_max_install_names   CMakeFiles/cmTC_c9656.dir/CheckFunctionExists.c.o  -o cmTC_c9656 



Determining if the function gettimeofday exists passed with the following output:
Change Dir: /Users/mmetcalf/Dropbox/Quantum Embedding/Codes/Lithium_Downfolding/Qiskit Chem/Hamiltonian_Downfolding_IBM/nlopt-2.6.2/CMakeFiles/CMakeTmp

Run Build Command(s):/usr/bin/make cmTC_ed1f2/fast && /Library/Developer/CommandLineTools/usr/bin/make  -f CMakeFiles/cmTC_ed1f2.dir/build.make CMakeFiles/cmTC_ed1f2.dir/build
Building C object CMakeFiles/cmTC_ed1f2.dir/CheckFunctionExists.c.o
/Library/Developer/CommandLineTools/usr/bin/cc   -DCHECK_FUNCTION_EXISTS=gettimeofday -isysroot /Library/Developer/CommandLineTools/SDKs/MacOSX10.15.sdk   -o CMakeFiles/cmTC_ed1f2.dir/CheckFunctionExists.c.o   -c /usr/local/Cellar/cmake/3.17.3/share/cmake/Modules/CheckFunctionExists.c
Linking C executable cmTC_ed1f2
/usr/local/Cellar/cmake/3.17.3/bin/cmake -E cmake_link_script CMakeFiles/cmTC_ed1f2.dir/link.txt --verbose=1
/Library/Developer/CommandLineTools/usr/bin/cc  -DCHECK_FUNCTION_EXISTS=gettimeofday -isysroot /Library/Developer/CommandLineTools/SDKs/MacOSX10.15.sdk -Wl,-search_paths_first -Wl,-headerpad_max_install_names   CMakeFiles/cmTC_ed1f2.dir/CheckFunctionExists.c.o  -o cmTC_ed1f2 



Determining if the function qsort_r exists passed with the following output:
Change Dir: /Users/mmetcalf/Dropbox/Quantum Embedding/Codes/Lithium_Downfolding/Qiskit Chem/Hamiltonian_Downfolding_IBM/nlopt-2.6.2/CMakeFiles/CMakeTmp

Run Build Command(s):/usr/bin/make cmTC_faca4/fast && /Library/Developer/CommandLineTools/usr/bin/make  -f CMakeFiles/cmTC_faca4.dir/build.make CMakeFiles/cmTC_faca4.dir/build
Building C object CMakeFiles/cmTC_faca4.dir/CheckFunctionExists.c.o
/Library/Developer/CommandLineTools/usr/bin/cc   -DCHECK_FUNCTION_EXISTS=qsort_r -isysroot /Library/Developer/CommandLineTools/SDKs/MacOSX10.15.sdk   -o CMakeFiles/cmTC_faca4.dir/CheckFunctionExists.c.o   -c /usr/local/Cellar/cmake/3.17.3/share/cmake/Modules/CheckFunctionExists.c
Linking C executable cmTC_faca4
/usr/local/Cellar/cmake/3.17.3/bin/cmake -E cmake_link_script CMakeFiles/cmTC_faca4.dir/link.txt --verbose=1
/Library/Developer/CommandLineTools/usr/bin/cc  -DCHECK_FUNCTION_EXISTS=qsort_r -isysroot /Library/Developer/CommandLineTools/SDKs/MacOSX10.15.sdk -Wl,-search_paths_first -Wl,-headerpad_max_install_names   CMakeFiles/cmTC_faca4.dir/CheckFunctionExists.c.o  -o cmTC_faca4 



Determining if the function time exists passed with the following output:
Change Dir: /Users/mmetcalf/Dropbox/Quantum Embedding/Codes/Lithium_Downfolding/Qiskit Chem/Hamiltonian_Downfolding_IBM/nlopt-2.6.2/CMakeFiles/CMakeTmp

Run Build Command(s):/usr/bin/make cmTC_64a91/fast && /Library/Developer/CommandLineTools/usr/bin/make  -f CMakeFiles/cmTC_64a91.dir/build.make CMakeFiles/cmTC_64a91.dir/build
Building C object CMakeFiles/cmTC_64a91.dir/CheckFunctionExists.c.o
/Library/Developer/CommandLineTools/usr/bin/cc   -DCHECK_FUNCTION_EXISTS=time -isysroot /Library/Developer/CommandLineTools/SDKs/MacOSX10.15.sdk   -o CMakeFiles/cmTC_64a91.dir/CheckFunctionExists.c.o   -c /usr/local/Cellar/cmake/3.17.3/share/cmake/Modules/CheckFunctionExists.c
Linking C executable cmTC_64a91
/usr/local/Cellar/cmake/3.17.3/bin/cmake -E cmake_link_script CMakeFiles/cmTC_64a91.dir/link.txt --verbose=1
/Library/Developer/CommandLineTools/usr/bin/cc  -DCHECK_FUNCTION_EXISTS=time -isysroot /Library/Developer/CommandLineTools/SDKs/MacOSX10.15.sdk -Wl,-search_paths_first -Wl,-headerpad_max_install_names   CMakeFiles/cmTC_64a91.dir/CheckFunctionExists.c.o  -o cmTC_64a91 



Determining if the function copysign exists passed with the following output:
Change Dir: /Users/mmetcalf/Dropbox/Quantum Embedding/Codes/Lithium_Downfolding/Qiskit Chem/Hamiltonian_Downfolding_IBM/nlopt-2.6.2/CMakeFiles/CMakeTmp

Run Build Command(s):/usr/bin/make cmTC_8e461/fast && /Library/Developer/CommandLineTools/usr/bin/make  -f CMakeFiles/cmTC_8e461.dir/build.make CMakeFiles/cmTC_8e461.dir/build
Building C object CMakeFiles/cmTC_8e461.dir/CheckFunctionExists.c.o
/Library/Developer/CommandLineTools/usr/bin/cc   -DCHECK_FUNCTION_EXISTS=copysign -isysroot /Library/Developer/CommandLineTools/SDKs/MacOSX10.15.sdk   -o CMakeFiles/cmTC_8e461.dir/CheckFunctionExists.c.o   -c /usr/local/Cellar/cmake/3.17.3/share/cmake/Modules/CheckFunctionExists.c
/usr/local/Cellar/cmake/3.17.3/share/cmake/Modules/CheckFunctionExists.c:7:3: warning: incompatible redeclaration of library function 'copysign' [-Wincompatible-library-redeclaration]
  CHECK_FUNCTION_EXISTS(void);
  ^
<command line>:1:31: note: expanded from here
#define CHECK_FUNCTION_EXISTS copysign
                              ^
/usr/local/Cellar/cmake/3.17.3/share/cmake/Modules/CheckFunctionExists.c:7:3: note: 'copysign' is a builtin with type 'double (double, double)'
<command line>:1:31: note: expanded from here
#define CHECK_FUNCTION_EXISTS copysign
                              ^
1 warning generated.
Linking C executable cmTC_8e461
/usr/local/Cellar/cmake/3.17.3/bin/cmake -E cmake_link_script CMakeFiles/cmTC_8e461.dir/link.txt --verbose=1
/Library/Developer/CommandLineTools/usr/bin/cc  -DCHECK_FUNCTION_EXISTS=copysign -isysroot /Library/Developer/CommandLineTools/SDKs/MacOSX10.15.sdk -Wl,-search_paths_first -Wl,-headerpad_max_install_names   CMakeFiles/cmTC_8e461.dir/CheckFunctionExists.c.o  -o cmTC_8e461 



Determining if the include file stddef.h exists passed with the following output:
Change Dir: /Users/mmetcalf/Dropbox/Quantum Embedding/Codes/Lithium_Downfolding/Qiskit Chem/Hamiltonian_Downfolding_IBM/nlopt-2.6.2/CMakeFiles/CMakeTmp

Run Build Command(s):/usr/bin/make cmTC_6af95/fast && /Library/Developer/CommandLineTools/usr/bin/make  -f CMakeFiles/cmTC_6af95.dir/build.make CMakeFiles/cmTC_6af95.dir/build
Building C object CMakeFiles/cmTC_6af95.dir/CheckIncludeFile.c.o
/Library/Developer/CommandLineTools/usr/bin/cc   -isysroot /Library/Developer/CommandLineTools/SDKs/MacOSX10.15.sdk   -o CMakeFiles/cmTC_6af95.dir/CheckIncludeFile.c.o   -c "/Users/mmetcalf/Dropbox/Quantum Embedding/Codes/Lithium_Downfolding/Qiskit Chem/Hamiltonian_Downfolding_IBM/nlopt-2.6.2/CMakeFiles/CMakeTmp/CheckIncludeFile.c"
Linking C executable cmTC_6af95
/usr/local/Cellar/cmake/3.17.3/bin/cmake -E cmake_link_script CMakeFiles/cmTC_6af95.dir/link.txt --verbose=1
/Library/Developer/CommandLineTools/usr/bin/cc   -isysroot /Library/Developer/CommandLineTools/SDKs/MacOSX10.15.sdk -Wl,-search_paths_first -Wl,-headerpad_max_install_names   CMakeFiles/cmTC_6af95.dir/CheckIncludeFile.c.o  -o cmTC_6af95 



Determining size of uint32_t passed with the following output:
Change Dir: /Users/mmetcalf/Dropbox/Quantum Embedding/Codes/Lithium_Downfolding/Qiskit Chem/Hamiltonian_Downfolding_IBM/nlopt-2.6.2/CMakeFiles/CMakeTmp

Run Build Command(s):/usr/bin/make cmTC_8785e/fast && /Library/Developer/CommandLineTools/usr/bin/make  -f CMakeFiles/cmTC_8785e.dir/build.make CMakeFiles/cmTC_8785e.dir/build
Building C object CMakeFiles/cmTC_8785e.dir/SIZEOF_UINT32_T.c.o
/Library/Developer/CommandLineTools/usr/bin/cc   -isysroot /Library/Developer/CommandLineTools/SDKs/MacOSX10.15.sdk   -o CMakeFiles/cmTC_8785e.dir/SIZEOF_UINT32_T.c.o   -c "/Users/mmetcalf/Dropbox/Quantum Embedding/Codes/Lithium_Downfolding/Qiskit Chem/Hamiltonian_Downfolding_IBM/nlopt-2.6.2/CMakeFiles/CheckTypeSize/SIZEOF_UINT32_T.c"
Linking C executable cmTC_8785e
/usr/local/Cellar/cmake/3.17.3/bin/cmake -E cmake_link_script CMakeFiles/cmTC_8785e.dir/link.txt --verbose=1
/Library/Developer/CommandLineTools/usr/bin/cc   -isysroot /Library/Developer/CommandLineTools/SDKs/MacOSX10.15.sdk -Wl,-search_paths_first -Wl,-headerpad_max_install_names   CMakeFiles/cmTC_8785e.dir/SIZEOF_UINT32_T.c.o  -o cmTC_8785e 



Determining size of unsigned int passed with the following output:
Change Dir: /Users/mmetcalf/Dropbox/Quantum Embedding/Codes/Lithium_Downfolding/Qiskit Chem/Hamiltonian_Downfolding_IBM/nlopt-2.6.2/CMakeFiles/CMakeTmp

Run Build Command(s):/usr/bin/make cmTC_62e04/fast && /Library/Developer/CommandLineTools/usr/bin/make  -f CMakeFiles/cmTC_62e04.dir/build.make CMakeFiles/cmTC_62e04.dir/build
Building C object CMakeFiles/cmTC_62e04.dir/SIZEOF_UNSIGNED_INT.c.o
/Library/Developer/CommandLineTools/usr/bin/cc   -isysroot /Library/Developer/CommandLineTools/SDKs/MacOSX10.15.sdk   -o CMakeFiles/cmTC_62e04.dir/SIZEOF_UNSIGNED_INT.c.o   -c "/Users/mmetcalf/Dropbox/Quantum Embedding/Codes/Lithium_Downfolding/Qiskit Chem/Hamiltonian_Downfolding_IBM/nlopt-2.6.2/CMakeFiles/CheckTypeSize/SIZEOF_UNSIGNED_INT.c"
Linking C executable cmTC_62e04
/usr/local/Cellar/cmake/3.17.3/bin/cmake -E cmake_link_script CMakeFiles/cmTC_62e04.dir/link.txt --verbose=1
/Library/Developer/CommandLineTools/usr/bin/cc   -isysroot /Library/Developer/CommandLineTools/SDKs/MacOSX10.15.sdk -Wl,-search_paths_first -Wl,-headerpad_max_install_names   CMakeFiles/cmTC_62e04.dir/SIZEOF_UNSIGNED_INT.c.o  -o cmTC_62e04 



Determining size of unsigned long passed with the following output:
Change Dir: /Users/mmetcalf/Dropbox/Quantum Embedding/Codes/Lithium_Downfolding/Qiskit Chem/Hamiltonian_Downfolding_IBM/nlopt-2.6.2/CMakeFiles/CMakeTmp

Run Build Command(s):/usr/bin/make cmTC_ef175/fast && /Library/Developer/CommandLineTools/usr/bin/make  -f CMakeFiles/cmTC_ef175.dir/build.make CMakeFiles/cmTC_ef175.dir/build
Building C object CMakeFiles/cmTC_ef175.dir/SIZEOF_UNSIGNED_LONG.c.o
/Library/Developer/CommandLineTools/usr/bin/cc   -isysroot /Library/Developer/CommandLineTools/SDKs/MacOSX10.15.sdk   -o CMakeFiles/cmTC_ef175.dir/SIZEOF_UNSIGNED_LONG.c.o   -c "/Users/mmetcalf/Dropbox/Quantum Embedding/Codes/Lithium_Downfolding/Qiskit Chem/Hamiltonian_Downfolding_IBM/nlopt-2.6.2/CMakeFiles/CheckTypeSize/SIZEOF_UNSIGNED_LONG.c"
Linking C executable cmTC_ef175
/usr/local/Cellar/cmake/3.17.3/bin/cmake -E cmake_link_script CMakeFiles/cmTC_ef175.dir/link.txt --verbose=1
/Library/Developer/CommandLineTools/usr/bin/cc   -isysroot /Library/Developer/CommandLineTools/SDKs/MacOSX10.15.sdk -Wl,-search_paths_first -Wl,-headerpad_max_install_names   CMakeFiles/cmTC_ef175.dir/SIZEOF_UNSIGNED_LONG.c.o  -o cmTC_ef175 



Determining if the function sqrt exists in the m passed with the following output:
Change Dir: /Users/mmetcalf/Dropbox/Quantum Embedding/Codes/Lithium_Downfolding/Qiskit Chem/Hamiltonian_Downfolding_IBM/nlopt-2.6.2/CMakeFiles/CMakeTmp

Run Build Command(s):/usr/bin/make cmTC_ea919/fast && /Library/Developer/CommandLineTools/usr/bin/make  -f CMakeFiles/cmTC_ea919.dir/build.make CMakeFiles/cmTC_ea919.dir/build
Building C object CMakeFiles/cmTC_ea919.dir/CheckFunctionExists.c.o
/Library/Developer/CommandLineTools/usr/bin/cc   -DCHECK_FUNCTION_EXISTS=sqrt -isysroot /Library/Developer/CommandLineTools/SDKs/MacOSX10.15.sdk   -o CMakeFiles/cmTC_ea919.dir/CheckFunctionExists.c.o   -c /usr/local/Cellar/cmake/3.17.3/share/cmake/Modules/CheckFunctionExists.c
/usr/local/Cellar/cmake/3.17.3/share/cmake/Modules/CheckFunctionExists.c:7:3: warning: incompatible redeclaration of library function 'sqrt' [-Wincompatible-library-redeclaration]
  CHECK_FUNCTION_EXISTS(void);
  ^
<command line>:1:31: note: expanded from here
#define CHECK_FUNCTION_EXISTS sqrt
                              ^
/usr/local/Cellar/cmake/3.17.3/share/cmake/Modules/CheckFunctionExists.c:7:3: note: 'sqrt' is a builtin with type 'double (double)'
<command line>:1:31: note: expanded from here
#define CHECK_FUNCTION_EXISTS sqrt
                              ^
1 warning generated.
Linking C executable cmTC_ea919
/usr/local/Cellar/cmake/3.17.3/bin/cmake -E cmake_link_script CMakeFiles/cmTC_ea919.dir/link.txt --verbose=1
/Library/Developer/CommandLineTools/usr/bin/cc  -DCHECK_FUNCTION_EXISTS=sqrt -isysroot /Library/Developer/CommandLineTools/SDKs/MacOSX10.15.sdk -Wl,-search_paths_first -Wl,-headerpad_max_install_names   CMakeFiles/cmTC_ea919.dir/CheckFunctionExists.c.o  -o cmTC_ea919  -lm 



Performing C SOURCE FILE Test HAVE_THREAD_LOCAL_STORAGE succeeded with the following output:
Change Dir: /Users/mmetcalf/Dropbox/Quantum Embedding/Codes/Lithium_Downfolding/Qiskit Chem/Hamiltonian_Downfolding_IBM/nlopt-2.6.2/CMakeFiles/CMakeTmp

Run Build Command(s):/usr/bin/make cmTC_922d9/fast && /Library/Developer/CommandLineTools/usr/bin/make  -f CMakeFiles/cmTC_922d9.dir/build.make CMakeFiles/cmTC_922d9.dir/build
Building C object CMakeFiles/cmTC_922d9.dir/src.c.o
/Library/Developer/CommandLineTools/usr/bin/cc   -DHAVE_THREAD_LOCAL_STORAGE -isysroot /Library/Developer/CommandLineTools/SDKs/MacOSX10.15.sdk   -o CMakeFiles/cmTC_922d9.dir/src.c.o   -c "/Users/mmetcalf/Dropbox/Quantum Embedding/Codes/Lithium_Downfolding/Qiskit Chem/Hamiltonian_Downfolding_IBM/nlopt-2.6.2/CMakeFiles/CMakeTmp/src.c"
Linking C executable cmTC_922d9
/usr/local/Cellar/cmake/3.17.3/bin/cmake -E cmake_link_script CMakeFiles/cmTC_922d9.dir/link.txt --verbose=1
/Library/Developer/CommandLineTools/usr/bin/cc  -DHAVE_THREAD_LOCAL_STORAGE -isysroot /Library/Developer/CommandLineTools/SDKs/MacOSX10.15.sdk -Wl,-search_paths_first -Wl,-headerpad_max_install_names   CMakeFiles/cmTC_922d9.dir/src.c.o  -o cmTC_922d9 


Source file was:

    __thread int tls;

    int main(void) {
        return 0;
    }
Determining if the __cplusplus exist passed with the following output:
Change Dir: /Users/mmetcalf/Dropbox/Quantum Embedding/Codes/Lithium_Downfolding/Qiskit Chem/Hamiltonian_Downfolding_IBM/nlopt-2.6.2/CMakeFiles/CMakeTmp

Run Build Command(s):/usr/bin/make cmTC_3214f/fast && /Library/Developer/CommandLineTools/usr/bin/make  -f CMakeFiles/cmTC_3214f.dir/build.make CMakeFiles/cmTC_3214f.dir/build
Building CXX object CMakeFiles/cmTC_3214f.dir/CheckSymbolExists.cxx.o
/Library/Developer/CommandLineTools/usr/bin/c++    -isysroot /Library/Developer/CommandLineTools/SDKs/MacOSX10.15.sdk   -o CMakeFiles/cmTC_3214f.dir/CheckSymbolExists.cxx.o -c "/Users/mmetcalf/Dropbox/Quantum Embedding/Codes/Lithium_Downfolding/Qiskit Chem/Hamiltonian_Downfolding_IBM/nlopt-2.6.2/CMakeFiles/CMakeTmp/CheckSymbolExists.cxx"
Linking CXX executable cmTC_3214f
/usr/local/Cellar/cmake/3.17.3/bin/cmake -E cmake_link_script CMakeFiles/cmTC_3214f.dir/link.txt --verbose=1
/Library/Developer/CommandLineTools/usr/bin/c++    -isysroot /Library/Developer/CommandLineTools/SDKs/MacOSX10.15.sdk -Wl,-search_paths_first -Wl,-headerpad_max_install_names   CMakeFiles/cmTC_3214f.dir/CheckSymbolExists.cxx.o  -o cmTC_3214f 


File /Users/mmetcalf/Dropbox/Quantum Embedding/Codes/Lithium_Downfolding/Qiskit Chem/Hamiltonian_Downfolding_IBM/nlopt-2.6.2/CMakeFiles/CMakeTmp/CheckSymbolExists.cxx:
/* */
#include <ciso646>

int main(int argc, char** argv)
{
  (void)argv;
#ifndef __cplusplus
  return ((int*)(&__cplusplus))[argc];
#else
  (void)argc;
  return 0;
#endif
}
Performing C++ SOURCE FILE Test SUPPORTS_STDCXX11 succeeded with the following output:
Change Dir: /Users/mmetcalf/Dropbox/Quantum Embedding/Codes/Lithium_Downfolding/Qiskit Chem/Hamiltonian_Downfolding_IBM/nlopt-2.6.2/CMakeFiles/CMakeTmp

Run Build Command(s):/usr/bin/make cmTC_60cbf/fast && /Library/Developer/CommandLineTools/usr/bin/make  -f CMakeFiles/cmTC_60cbf.dir/build.make CMakeFiles/cmTC_60cbf.dir/build
Building CXX object CMakeFiles/cmTC_60cbf.dir/src.cxx.o
/Library/Developer/CommandLineTools/usr/bin/c++    -DSUPPORTS_STDCXX11 -isysroot /Library/Developer/CommandLineTools/SDKs/MacOSX10.15.sdk   -std=c++11 -o CMakeFiles/cmTC_60cbf.dir/src.cxx.o -c "/Users/mmetcalf/Dropbox/Quantum Embedding/Codes/Lithium_Downfolding/Qiskit Chem/Hamiltonian_Downfolding_IBM/nlopt-2.6.2/CMakeFiles/CMakeTmp/src.cxx"
Linking CXX executable cmTC_60cbf
/usr/local/Cellar/cmake/3.17.3/bin/cmake -E cmake_link_script CMakeFiles/cmTC_60cbf.dir/link.txt --verbose=1
/Library/Developer/CommandLineTools/usr/bin/c++   -DSUPPORTS_STDCXX11 -isysroot /Library/Developer/CommandLineTools/SDKs/MacOSX10.15.sdk -Wl,-search_paths_first -Wl,-headerpad_max_install_names   CMakeFiles/cmTC_60cbf.dir/src.cxx.o  -o cmTC_60cbf 


Source file was:
int main() { return 0; }
