The system is: Darwin - 19.5.0 - x86_64
Compiling the C compiler identification source file "CMakeCCompilerId.c" succeeded.
Compiler: /Library/Developer/CommandLineTools/usr/bin/cc 
Build flags: 
Id flags:  

The output was:
0


Compilation of the C compiler identification source "CMakeCCompilerId.c" produced "a.out"

The C compiler identification is AppleClang, found in "/Users/mmetcalf/Dropbox/Quantum Embedding/Codes/Lithium_Downfolding/Qiskit Chem/Hamiltonian_Downfolding_IBM/nlopt-2.6.2/build/CMakeFiles/3.17.3/CompilerIdC/a.out"

Compiling the CXX compiler identification source file "CMakeCXXCompilerId.cpp" succeeded.
Compiler: /Library/Developer/CommandLineTools/usr/bin/c++ 
Build flags: 
Id flags:  

The output was:
0


Compilation of the CXX compiler identification source "CMakeCXXCompilerId.cpp" produced "a.out"

The CXX compiler identification is AppleClang, found in "/Users/mmetcalf/Dropbox/Quantum Embedding/Codes/Lithium_Downfolding/Qiskit Chem/Hamiltonian_Downfolding_IBM/nlopt-2.6.2/build/CMakeFiles/3.17.3/CompilerIdCXX/a.out"

Determining if the C compiler works passed with the following output:
Change Dir: /Users/mmetcalf/Dropbox/Quantum Embedding/Codes/Lithium_Downfolding/Qiskit Chem/Hamiltonian_Downfolding_IBM/nlopt-2.6.2/build/CMakeFiles/CMakeTmp

Run Build Command(s):/usr/bin/make cmTC_df489/fast && /Library/Developer/CommandLineTools/usr/bin/make  -f CMakeFiles/cmTC_df489.dir/build.make CMakeFiles/cmTC_df489.dir/build
Building C object CMakeFiles/cmTC_df489.dir/testCCompiler.c.o
/Library/Developer/CommandLineTools/usr/bin/cc   -isysroot /Library/Developer/CommandLineTools/SDKs/MacOSX10.15.sdk   -o CMakeFiles/cmTC_df489.dir/testCCompiler.c.o   -c "/Users/mmetcalf/Dropbox/Quantum Embedding/Codes/Lithium_Downfolding/Qiskit Chem/Hamiltonian_Downfolding_IBM/nlopt-2.6.2/build/CMakeFiles/CMakeTmp/testCCompiler.c"
Linking C executable cmTC_df489
/usr/local/Cellar/cmake/3.17.3/bin/cmake -E cmake_link_script CMakeFiles/cmTC_df489.dir/link.txt --verbose=1
/Library/Developer/CommandLineTools/usr/bin/cc   -isysroot /Library/Developer/CommandLineTools/SDKs/MacOSX10.15.sdk -Wl,-search_paths_first -Wl,-headerpad_max_install_names   CMakeFiles/cmTC_df489.dir/testCCompiler.c.o  -o cmTC_df489 



Detecting C compiler ABI info compiled with the following output:
Change Dir: /Users/mmetcalf/Dropbox/Quantum Embedding/Codes/Lithium_Downfolding/Qiskit Chem/Hamiltonian_Downfolding_IBM/nlopt-2.6.2/build/CMakeFiles/CMakeTmp

Run Build Command(s):/usr/bin/make cmTC_c0dad/fast && /Library/Developer/CommandLineTools/usr/bin/make  -f CMakeFiles/cmTC_c0dad.dir/build.make CMakeFiles/cmTC_c0dad.dir/build
Building C object CMakeFiles/cmTC_c0dad.dir/CMakeCCompilerABI.c.o
/Library/Developer/CommandLineTools/usr/bin/cc   -isysroot /Library/Developer/CommandLineTools/SDKs/MacOSX10.15.sdk   -v -Wl,-v -o CMakeFiles/cmTC_c0dad.dir/CMakeCCompilerABI.c.o   -c /usr/local/Cellar/cmake/3.17.3/share/cmake/Modules/CMakeCCompilerABI.c
Apple clang version 11.0.0 (clang-1100.0.33.12)
Target: x86_64-apple-darwin19.5.0
Thread model: posix
InstalledDir: /Library/Developer/CommandLineTools/usr/bin
clang: warning: -Wl,-v: 'linker' input unused [-Wunused-command-line-argument]
 "/Library/Developer/CommandLineTools/usr/bin/clang" -cc1 -triple x86_64-apple-macosx10.15.0 -Wdeprecated-objc-isa-usage -Werror=deprecated-objc-isa-usage -emit-obj -mrelax-all -disable-free -disable-llvm-verifier -discard-value-names -main-file-name CMakeCCompilerABI.c -mrelocation-model pic -pic-level 2 -mthread-model posix -mdisable-fp-elim -fno-strict-return -masm-verbose -munwind-tables -target-sdk-version=10.15 -target-cpu penryn -dwarf-column-info -debugger-tuning=lldb -ggnu-pubnames -target-linker-version 520 -v -coverage-notes-file /Users/mmetcalf/Dropbox/Quantum Embedding/Codes/Lithium_Downfolding/Qiskit Chem/Hamiltonian_Downfolding_IBM/nlopt-2.6.2/build/CMakeFiles/CMakeTmp/CMakeFiles/cmTC_c0dad.dir/CMakeCCompilerABI.c.gcno -resource-dir /Library/Developer/CommandLineTools/usr/lib/clang/11.0.0 -isysroot /Library/Developer/CommandLineTools/SDKs/MacOSX10.15.sdk -Wno-framework-include-private-from-public -Wno-atimport-in-framework-header -Wno-extra-semi-stmt -Wno-quoted-include-in-framework-header -fdebug-compilation-dir /Users/mmetcalf/Dropbox/Quantum Embedding/Codes/Lithium_Downfolding/Qiskit Chem/Hamiltonian_Downfolding_IBM/nlopt-2.6.2/build/CMakeFiles/CMakeTmp -ferror-limit 19 -fmessage-length 0 -stack-protector 1 -fstack-check -mdarwin-stkchk-strong-link -fblocks -fencode-extended-block-signature -fregister-global-dtors-with-atexit -fobjc-runtime=macosx-10.15.0 -fmax-type-align=16 -fdiagnostics-show-option -o CMakeFiles/cmTC_c0dad.dir/CMakeCCompilerABI.c.o -x c /usr/local/Cellar/cmake/3.17.3/share/cmake/Modules/CMakeCCompilerABI.c
clang -cc1 version 11.0.0 (clang-1100.0.33.12) default target x86_64-apple-darwin19.5.0
ignoring nonexistent directory "/Library/Developer/CommandLineTools/SDKs/MacOSX10.15.sdk/usr/local/include"
ignoring nonexistent directory "/Library/Developer/CommandLineTools/SDKs/MacOSX10.15.sdk/Library/Frameworks"
#include "..." search starts here:
#include <...> search starts here:
 /Library/Developer/CommandLineTools/usr/lib/clang/11.0.0/include
 /Library/Developer/CommandLineTools/usr/include
 /Library/Developer/CommandLineTools/SDKs/MacOSX10.15.sdk/usr/include
 /Library/Developer/CommandLineTools/SDKs/MacOSX10.15.sdk/System/Library/Frameworks (framework directory)
End of search list.
Linking C executable cmTC_c0dad
/usr/local/Cellar/cmake/3.17.3/bin/cmake -E cmake_link_script CMakeFiles/cmTC_c0dad.dir/link.txt --verbose=1
/Library/Developer/CommandLineTools/usr/bin/cc   -isysroot /Library/Developer/CommandLineTools/SDKs/MacOSX10.15.sdk -Wl,-search_paths_first -Wl,-headerpad_max_install_names  -v -Wl,-v CMakeFiles/cmTC_c0dad.dir/CMakeCCompilerABI.c.o  -o cmTC_c0dad 
Apple clang version 11.0.0 (clang-1100.0.33.12)
Target: x86_64-apple-darwin19.5.0
Thread model: posix
InstalledDir: /Library/Developer/CommandLineTools/usr/bin
 "/Library/Developer/CommandLineTools/usr/bin/ld" -demangle -lto_library /Library/Developer/CommandLineTools/usr/lib/libLTO.dylib -dynamic -arch x86_64 -macosx_version_min 10.15.0 -syslibroot /Library/Developer/CommandLineTools/SDKs/MacOSX10.15.sdk -o cmTC_c0dad -search_paths_first -headerpad_max_install_names -v CMakeFiles/cmTC_c0dad.dir/CMakeCCompilerABI.c.o -lSystem /Library/Developer/CommandLineTools/usr/lib/clang/11.0.0/lib/darwin/libclang_rt.osx.a
@(#)PROGRAM:ld  PROJECT:ld64-520
BUILD 18:38:01 Oct 11 2019
configured to support archs: armv6 armv7 armv7s arm64 arm64e arm64_32 i386 x86_64 x86_64h armv6m armv7k armv7m armv7em
Library search paths:
	/Library/Developer/CommandLineTools/SDKs/MacOSX10.15.sdk/usr/lib
Framework search paths:
	/Library/Developer/CommandLineTools/SDKs/MacOSX10.15.sdk/System/Library/Frameworks/



Parsed C implicit include dir info from above output: rv=done
  found start of include info
  found start of implicit include info
    add: [/Library/Developer/CommandLineTools/usr/lib/clang/11.0.0/include]
    add: [/Library/Developer/CommandLineTools/usr/include]
    add: [/Library/Developer/CommandLineTools/SDKs/MacOSX10.15.sdk/usr/include]
  end of search list found
  collapse include dir [/Library/Developer/CommandLineTools/usr/lib/clang/11.0.0/include] ==> [/Library/Developer/CommandLineTools/usr/lib/clang/11.0.0/include]
  collapse include dir [/Library/Developer/CommandLineTools/usr/include] ==> [/Library/Developer/CommandLineTools/usr/include]
  collapse include dir [/Library/Developer/CommandLineTools/SDKs/MacOSX10.15.sdk/usr/include] ==> [/Library/Developer/CommandLineTools/SDKs/MacOSX10.15.sdk/usr/include]
  implicit include dirs: [/Library/Developer/CommandLineTools/usr/lib/clang/11.0.0/include;/Library/Developer/CommandLineTools/usr/include;/Library/Developer/CommandLineTools/SDKs/MacOSX10.15.sdk/usr/include]


Parsed C implicit link information from above output:
  link line regex: [^( *|.*[/\])(ld|CMAKE_LINK_STARTFILE-NOTFOUND|([^/\]+-)?ld|collect2)[^/\]*( |$)]
  ignore line: [Change Dir: /Users/mmetcalf/Dropbox/Quantum Embedding/Codes/Lithium_Downfolding/Qiskit Chem/Hamiltonian_Downfolding_IBM/nlopt-2.6.2/build/CMakeFiles/CMakeTmp]
  ignore line: []
  ignore line: [Run Build Command(s):/usr/bin/make cmTC_c0dad/fast && /Library/Developer/CommandLineTools/usr/bin/make  -f CMakeFiles/cmTC_c0dad.dir/build.make CMakeFiles/cmTC_c0dad.dir/build]
  ignore line: [Building C object CMakeFiles/cmTC_c0dad.dir/CMakeCCompilerABI.c.o]
  ignore line: [/Library/Developer/CommandLineTools/usr/bin/cc   -isysroot /Library/Developer/CommandLineTools/SDKs/MacOSX10.15.sdk   -v -Wl -v -o CMakeFiles/cmTC_c0dad.dir/CMakeCCompilerABI.c.o   -c /usr/local/Cellar/cmake/3.17.3/share/cmake/Modules/CMakeCCompilerABI.c]
  ignore line: [Apple clang version 11.0.0 (clang-1100.0.33.12)]
  ignore line: [Target: x86_64-apple-darwin19.5.0]
  ignore line: [Thread model: posix]
  ignore line: [InstalledDir: /Library/Developer/CommandLineTools/usr/bin]
  ignore line: [clang: warning: -Wl -v: 'linker' input unused [-Wunused-command-line-argument]]
  ignore line: [ "/Library/Developer/CommandLineTools/usr/bin/clang" -cc1 -triple x86_64-apple-macosx10.15.0 -Wdeprecated-objc-isa-usage -Werror=deprecated-objc-isa-usage -emit-obj -mrelax-all -disable-free -disable-llvm-verifier -discard-value-names -main-file-name CMakeCCompilerABI.c -mrelocation-model pic -pic-level 2 -mthread-model posix -mdisable-fp-elim -fno-strict-return -masm-verbose -munwind-tables -target-sdk-version=10.15 -target-cpu penryn -dwarf-column-info -debugger-tuning=lldb -ggnu-pubnames -target-linker-version 520 -v -coverage-notes-file /Users/mmetcalf/Dropbox/Quantum Embedding/Codes/Lithium_Downfolding/Qiskit Chem/Hamiltonian_Downfolding_IBM/nlopt-2.6.2/build/CMakeFiles/CMakeTmp/CMakeFiles/cmTC_c0dad.dir/CMakeCCompilerABI.c.gcno -resource-dir /Library/Developer/CommandLineTools/usr/lib/clang/11.0.0 -isysroot /Library/Developer/CommandLineTools/SDKs/MacOSX10.15.sdk -Wno-framework-include-private-from-public -Wno-atimport-in-framework-header -Wno-extra-semi-stmt -Wno-quoted-include-in-framework-header -fdebug-compilation-dir /Users/mmetcalf/Dropbox/Quantum Embedding/Codes/Lithium_Downfolding/Qiskit Chem/Hamiltonian_Downfolding_IBM/nlopt-2.6.2/build/CMakeFiles/CMakeTmp -ferror-limit 19 -fmessage-length 0 -stack-protector 1 -fstack-check -mdarwin-stkchk-strong-link -fblocks -fencode-extended-block-signature -fregister-global-dtors-with-atexit -fobjc-runtime=macosx-10.15.0 -fmax-type-align=16 -fdiagnostics-show-option -o CMakeFiles/cmTC_c0dad.dir/CMakeCCompilerABI.c.o -x c /usr/local/Cellar/cmake/3.17.3/share/cmake/Modules/CMakeCCompilerABI.c]
  ignore line: [clang -cc1 version 11.0.0 (clang-1100.0.33.12) default target x86_64-apple-darwin19.5.0]
  ignore line: [ignoring nonexistent directory "/Library/Developer/CommandLineTools/SDKs/MacOSX10.15.sdk/usr/local/include"]
  ignore line: [ignoring nonexistent directory "/Library/Developer/CommandLineTools/SDKs/MacOSX10.15.sdk/Library/Frameworks"]
  ignore line: [#include "..." search starts here:]
  ignore line: [#include <...> search starts here:]
  ignore line: [ /Library/Developer/CommandLineTools/usr/lib/clang/11.0.0/include]
  ignore line: [ /Library/Developer/CommandLineTools/usr/include]
  ignore line: [ /Library/Developer/CommandLineTools/SDKs/MacOSX10.15.sdk/usr/include]
  ignore line: [ /Library/Developer/CommandLineTools/SDKs/MacOSX10.15.sdk/System/Library/Frameworks (framework directory)]
  ignore line: [End of search list.]
  ignore line: [Linking C executable cmTC_c0dad]
  ignore line: [/usr/local/Cellar/cmake/3.17.3/bin/cmake -E cmake_link_script CMakeFiles/cmTC_c0dad.dir/link.txt --verbose=1]
  ignore line: [/Library/Developer/CommandLineTools/usr/bin/cc   -isysroot /Library/Developer/CommandLineTools/SDKs/MacOSX10.15.sdk -Wl -search_paths_first -Wl -headerpad_max_install_names  -v -Wl -v CMakeFiles/cmTC_c0dad.dir/CMakeCCompilerABI.c.o  -o cmTC_c0dad ]
  ignore line: [Apple clang version 11.0.0 (clang-1100.0.33.12)]
  ignore line: [Target: x86_64-apple-darwin19.5.0]
  ignore line: [Thread model: posix]
  ignore line: [InstalledDir: /Library/Developer/CommandLineTools/usr/bin]
  link line: [ "/Library/Developer/CommandLineTools/usr/bin/ld" -demangle -lto_library /Library/Developer/CommandLineTools/usr/lib/libLTO.dylib -dynamic -arch x86_64 -macosx_version_min 10.15.0 -syslibroot /Library/Developer/CommandLineTools/SDKs/MacOSX10.15.sdk -o cmTC_c0dad -search_paths_first -headerpad_max_install_names -v CMakeFiles/cmTC_c0dad.dir/CMakeCCompilerABI.c.o -lSystem /Library/Developer/CommandLineTools/usr/lib/clang/11.0.0/lib/darwin/libclang_rt.osx.a]
    arg [/Library/Developer/CommandLineTools/usr/bin/ld] ==> ignore
    arg [-demangle] ==> ignore
    arg [-lto_library] ==> ignore, skip following value
    arg [/Library/Developer/CommandLineTools/usr/lib/libLTO.dylib] ==> skip value of -lto_library
    arg [-dynamic] ==> ignore
    arg [-arch] ==> ignore
    arg [x86_64] ==> ignore
    arg [-macosx_version_min] ==> ignore
    arg [10.15.0] ==> ignore
    arg [-syslibroot] ==> ignore
    arg [/Library/Developer/CommandLineTools/SDKs/MacOSX10.15.sdk] ==> ignore
    arg [-o] ==> ignore
    arg [cmTC_c0dad] ==> ignore
    arg [-search_paths_first] ==> ignore
    arg [-headerpad_max_install_names] ==> ignore
    arg [-v] ==> ignore
    arg [CMakeFiles/cmTC_c0dad.dir/CMakeCCompilerABI.c.o] ==> ignore
    arg [-lSystem] ==> lib [System]
    arg [/Library/Developer/CommandLineTools/usr/lib/clang/11.0.0/lib/darwin/libclang_rt.osx.a] ==> lib [/Library/Developer/CommandLineTools/usr/lib/clang/11.0.0/lib/darwin/libclang_rt.osx.a]
  Library search paths: [;/Library/Developer/CommandLineTools/SDKs/MacOSX10.15.sdk/usr/lib]
  Framework search paths: [;/Library/Developer/CommandLineTools/SDKs/MacOSX10.15.sdk/System/Library/Frameworks/]
  remove lib [System]
  remove lib [/Library/Developer/CommandLineTools/usr/lib/clang/11.0.0/lib/darwin/libclang_rt.osx.a]
  collapse library dir [/Library/Developer/CommandLineTools/SDKs/MacOSX10.15.sdk/usr/lib] ==> [/Library/Developer/CommandLineTools/SDKs/MacOSX10.15.sdk/usr/lib]
  collapse framework dir [/Library/Developer/CommandLineTools/SDKs/MacOSX10.15.sdk/System/Library/Frameworks/] ==> [/Library/Developer/CommandLineTools/SDKs/MacOSX10.15.sdk/System/Library/Frameworks]
  implicit libs: []
  implicit dirs: [/Library/Developer/CommandLineTools/SDKs/MacOSX10.15.sdk/usr/lib]
  implicit fwks: [/Library/Developer/CommandLineTools/SDKs/MacOSX10.15.sdk/System/Library/Frameworks]


Determining if the CXX compiler works passed with the following output:
Change Dir: /Users/mmetcalf/Dropbox/Quantum Embedding/Codes/Lithium_Downfolding/Qiskit Chem/Hamiltonian_Downfolding_IBM/nlopt-2.6.2/build/CMakeFiles/CMakeTmp

Run Build Command(s):/usr/bin/make cmTC_a1ac6/fast && /Library/Developer/CommandLineTools/usr/bin/make  -f CMakeFiles/cmTC_a1ac6.dir/build.make CMakeFiles/cmTC_a1ac6.dir/build
Building CXX object CMakeFiles/cmTC_a1ac6.dir/testCXXCompiler.cxx.o
/Library/Developer/CommandLineTools/usr/bin/c++    -isysroot /Library/Developer/CommandLineTools/SDKs/MacOSX10.15.sdk   -o CMakeFiles/cmTC_a1ac6.dir/testCXXCompiler.cxx.o -c "/Users/mmetcalf/Dropbox/Quantum Embedding/Codes/Lithium_Downfolding/Qiskit Chem/Hamiltonian_Downfolding_IBM/nlopt-2.6.2/build/CMakeFiles/CMakeTmp/testCXXCompiler.cxx"
Linking CXX executable cmTC_a1ac6
/usr/local/Cellar/cmake/3.17.3/bin/cmake -E cmake_link_script CMakeFiles/cmTC_a1ac6.dir/link.txt --verbose=1
/Library/Developer/CommandLineTools/usr/bin/c++    -isysroot /Library/Developer/CommandLineTools/SDKs/MacOSX10.15.sdk -Wl,-search_paths_first -Wl,-headerpad_max_install_names   CMakeFiles/cmTC_a1ac6.dir/testCXXCompiler.cxx.o  -o cmTC_a1ac6 



Detecting CXX compiler ABI info compiled with the following output:
Change Dir: /Users/mmetcalf/Dropbox/Quantum Embedding/Codes/Lithium_Downfolding/Qiskit Chem/Hamiltonian_Downfolding_IBM/nlopt-2.6.2/build/CMakeFiles/CMakeTmp

Run Build Command(s):/usr/bin/make cmTC_3f555/fast && /Library/Developer/CommandLineTools/usr/bin/make  -f CMakeFiles/cmTC_3f555.dir/build.make CMakeFiles/cmTC_3f555.dir/build
Building CXX object CMakeFiles/cmTC_3f555.dir/CMakeCXXCompilerABI.cpp.o
/Library/Developer/CommandLineTools/usr/bin/c++    -isysroot /Library/Developer/CommandLineTools/SDKs/MacOSX10.15.sdk   -v -Wl,-v -o CMakeFiles/cmTC_3f555.dir/CMakeCXXCompilerABI.cpp.o -c /usr/local/Cellar/cmake/3.17.3/share/cmake/Modules/CMakeCXXCompilerABI.cpp
Apple clang version 11.0.0 (clang-1100.0.33.12)
Target: x86_64-apple-darwin19.5.0
Thread model: posix
InstalledDir: /Library/Developer/CommandLineTools/usr/bin
clang: warning: -Wl,-v: 'linker' input unused [-Wunused-command-line-argument]
 "/Library/Developer/CommandLineTools/usr/bin/clang" -cc1 -triple x86_64-apple-macosx10.15.0 -Wdeprecated-objc-isa-usage -Werror=deprecated-objc-isa-usage -emit-obj -mrelax-all -disable-free -disable-llvm-verifier -discard-value-names -main-file-name CMakeCXXCompilerABI.cpp -mrelocation-model pic -pic-level 2 -mthread-model posix -mdisable-fp-elim -fno-strict-return -masm-verbose -munwind-tables -target-sdk-version=10.15 -target-cpu penryn -dwarf-column-info -debugger-tuning=lldb -ggnu-pubnames -target-linker-version 520 -v -coverage-notes-file /Users/mmetcalf/Dropbox/Quantum Embedding/Codes/Lithium_Downfolding/Qiskit Chem/Hamiltonian_Downfolding_IBM/nlopt-2.6.2/build/CMakeFiles/CMakeTmp/CMakeFiles/cmTC_3f555.dir/CMakeCXXCompilerABI.cpp.gcno -resource-dir /Library/Developer/CommandLineTools/usr/lib/clang/11.0.0 -isysroot /Library/Developer/CommandLineTools/SDKs/MacOSX10.15.sdk -stdlib=libc++ -internal-isystem /Library/Developer/CommandLineTools/usr/bin/../include/c++/v1 -Wno-framework-include-private-from-public -Wno-atimport-in-framework-header -Wno-extra-semi-stmt -Wno-quoted-include-in-framework-header -fdeprecated-macro -fdebug-compilation-dir /Users/mmetcalf/Dropbox/Quantum Embedding/Codes/Lithium_Downfolding/Qiskit Chem/Hamiltonian_Downfolding_IBM/nlopt-2.6.2/build/CMakeFiles/CMakeTmp -ferror-limit 19 -fmessage-length 0 -stack-protector 1 -fstack-check -mdarwin-stkchk-strong-link -fblocks -fencode-extended-block-signature -fregister-global-dtors-with-atexit -fobjc-runtime=macosx-10.15.0 -fcxx-exceptions -fexceptions -fmax-type-align=16 -fdiagnostics-show-option -o CMakeFiles/cmTC_3f555.dir/CMakeCXXCompilerABI.cpp.o -x c++ /usr/local/Cellar/cmake/3.17.3/share/cmake/Modules/CMakeCXXCompilerABI.cpp
clang -cc1 version 11.0.0 (clang-1100.0.33.12) default target x86_64-apple-darwin19.5.0
ignoring nonexistent directory "/Library/Developer/CommandLineTools/SDKs/MacOSX10.15.sdk/usr/include/c++/v1"
ignoring nonexistent directory "/Library/Developer/CommandLineTools/SDKs/MacOSX10.15.sdk/usr/local/include"
ignoring nonexistent directory "/Library/Developer/CommandLineTools/SDKs/MacOSX10.15.sdk/Library/Frameworks"
#include "..." search starts here:
#include <...> search starts here:
 /Library/Developer/CommandLineTools/usr/bin/../include/c++/v1
 /Library/Developer/CommandLineTools/usr/lib/clang/11.0.0/include
 /Library/Developer/CommandLineTools/usr/include
 /Library/Developer/CommandLineTools/SDKs/MacOSX10.15.sdk/usr/include
 /Library/Developer/CommandLineTools/SDKs/MacOSX10.15.sdk/System/Library/Frameworks (framework directory)
End of search list.
Linking CXX executable cmTC_3f555
/usr/local/Cellar/cmake/3.17.3/bin/cmake -E cmake_link_script CMakeFiles/cmTC_3f555.dir/link.txt --verbose=1
/Library/Developer/CommandLineTools/usr/bin/c++    -isysroot /Library/Developer/CommandLineTools/SDKs/MacOSX10.15.sdk -Wl,-search_paths_first -Wl,-headerpad_max_install_names  -v -Wl,-v CMakeFiles/cmTC_3f555.dir/CMakeCXXCompilerABI.cpp.o  -o cmTC_3f555 
Apple clang version 11.0.0 (clang-1100.0.33.12)
Target: x86_64-apple-darwin19.5.0
Thread model: posix
InstalledDir: /Library/Developer/CommandLineTools/usr/bin
 "/Library/Developer/CommandLineTools/usr/bin/ld" -demangle -lto_library /Library/Developer/CommandLineTools/usr/lib/libLTO.dylib -dynamic -arch x86_64 -macosx_version_min 10.15.0 -syslibroot /Library/Developer/CommandLineTools/SDKs/MacOSX10.15.sdk -o cmTC_3f555 -search_paths_first -headerpad_max_install_names -v CMakeFiles/cmTC_3f555.dir/CMakeCXXCompilerABI.cpp.o -lc++ -lSystem /Library/Developer/CommandLineTools/usr/lib/clang/11.0.0/lib/darwin/libclang_rt.osx.a
@(#)PROGRAM:ld  PROJECT:ld64-520
BUILD 18:38:01 Oct 11 2019
configured to support archs: armv6 armv7 armv7s arm64 arm64e arm64_32 i386 x86_64 x86_64h armv6m armv7k armv7m armv7em
Library search paths:
	/Library/Developer/CommandLineTools/SDKs/MacOSX10.15.sdk/usr/lib
Framework search paths:
	/Library/Developer/CommandLineTools/SDKs/MacOSX10.15.sdk/System/Library/Frameworks/



Parsed CXX implicit include dir info from above output: rv=done
  found start of include info
  found start of implicit include info
    add: [/Library/Developer/CommandLineTools/usr/bin/../include/c++/v1]
    add: [/Library/Developer/CommandLineTools/usr/lib/clang/11.0.0/include]
    add: [/Library/Developer/CommandLineTools/usr/include]
    add: [/Library/Developer/CommandLineTools/SDKs/MacOSX10.15.sdk/usr/include]
  end of search list found
  collapse include dir [/Library/Developer/CommandLineTools/usr/bin/../include/c++/v1] ==> [/Library/Developer/CommandLineTools/usr/include/c++/v1]
  collapse include dir [/Library/Developer/CommandLineTools/usr/lib/clang/11.0.0/include] ==> [/Library/Developer/CommandLineTools/usr/lib/clang/11.0.0/include]
  collapse include dir [/Library/Developer/CommandLineTools/usr/include] ==> [/Library/Developer/CommandLineTools/usr/include]
  collapse include dir [/Library/Developer/CommandLineTools/SDKs/MacOSX10.15.sdk/usr/include] ==> [/Library/Developer/CommandLineTools/SDKs/MacOSX10.15.sdk/usr/include]
  implicit include dirs: [/Library/Developer/CommandLineTools/usr/include/c++/v1;/Library/Developer/CommandLineTools/usr/lib/clang/11.0.0/include;/Library/Developer/CommandLineTools/usr/include;/Library/Developer/CommandLineTools/SDKs/MacOSX10.15.sdk/usr/include]


Parsed CXX implicit link information from above output:
  link line regex: [^( *|.*[/\])(ld|CMAKE_LINK_STARTFILE-NOTFOUND|([^/\]+-)?ld|collect2)[^/\]*( |$)]
  ignore line: [Change Dir: /Users/mmetcalf/Dropbox/Quantum Embedding/Codes/Lithium_Downfolding/Qiskit Chem/Hamiltonian_Downfolding_IBM/nlopt-2.6.2/build/CMakeFiles/CMakeTmp]
  ignore line: []
  ignore line: [Run Build Command(s):/usr/bin/make cmTC_3f555/fast && /Library/Developer/CommandLineTools/usr/bin/make  -f CMakeFiles/cmTC_3f555.dir/build.make CMakeFiles/cmTC_3f555.dir/build]
  ignore line: [Building CXX object CMakeFiles/cmTC_3f555.dir/CMakeCXXCompilerABI.cpp.o]
  ignore line: [/Library/Developer/CommandLineTools/usr/bin/c++    -isysroot /Library/Developer/CommandLineTools/SDKs/MacOSX10.15.sdk   -v -Wl -v -o CMakeFiles/cmTC_3f555.dir/CMakeCXXCompilerABI.cpp.o -c /usr/local/Cellar/cmake/3.17.3/share/cmake/Modules/CMakeCXXCompilerABI.cpp]
  ignore line: [Apple clang version 11.0.0 (clang-1100.0.33.12)]
  ignore line: [Target: x86_64-apple-darwin19.5.0]
  ignore line: [Thread model: posix]
  ignore line: [InstalledDir: /Library/Developer/CommandLineTools/usr/bin]
  ignore line: [clang: warning: -Wl -v: 'linker' input unused [-Wunused-command-line-argument]]
  ignore line: [ "/Library/Developer/CommandLineTools/usr/bin/clang" -cc1 -triple x86_64-apple-macosx10.15.0 -Wdeprecated-objc-isa-usage -Werror=deprecated-objc-isa-usage -emit-obj -mrelax-all -disable-free -disable-llvm-verifier -discard-value-names -main-file-name CMakeCXXCompilerABI.cpp -mrelocation-model pic -pic-level 2 -mthread-model posix -mdisable-fp-elim -fno-strict-return -masm-verbose -munwind-tables -target-sdk-version=10.15 -target-cpu penryn -dwarf-column-info -debugger-tuning=lldb -ggnu-pubnames -target-linker-version 520 -v -coverage-notes-file /Users/mmetcalf/Dropbox/Quantum Embedding/Codes/Lithium_Downfolding/Qiskit Chem/Hamiltonian_Downfolding_IBM/nlopt-2.6.2/build/CMakeFiles/CMakeTmp/CMakeFiles/cmTC_3f555.dir/CMakeCXXCompilerABI.cpp.gcno -resource-dir /Library/Developer/CommandLineTools/usr/lib/clang/11.0.0 -isysroot /Library/Developer/CommandLineTools/SDKs/MacOSX10.15.sdk -stdlib=libc++ -internal-isystem /Library/Developer/CommandLineTools/usr/bin/../include/c++/v1 -Wno-framework-include-private-from-public -Wno-atimport-in-framework-header -Wno-extra-semi-stmt -Wno-quoted-include-in-framework-header -fdeprecated-macro -fdebug-compilation-dir /Users/mmetcalf/Dropbox/Quantum Embedding/Codes/Lithium_Downfolding/Qiskit Chem/Hamiltonian_Downfolding_IBM/nlopt-2.6.2/build/CMakeFiles/CMakeTmp -ferror-limit 19 -fmessage-length 0 -stack-protector 1 -fstack-check -mdarwin-stkchk-strong-link -fblocks -fencode-extended-block-signature -fregister-global-dtors-with-atexit -fobjc-runtime=macosx-10.15.0 -fcxx-exceptions -fexceptions -fmax-type-align=16 -fdiagnostics-show-option -o CMakeFiles/cmTC_3f555.dir/CMakeCXXCompilerABI.cpp.o -x c++ /usr/local/Cellar/cmake/3.17.3/share/cmake/Modules/CMakeCXXCompilerABI.cpp]
  ignore line: [clang -cc1 version 11.0.0 (clang-1100.0.33.12) default target x86_64-apple-darwin19.5.0]
  ignore line: [ignoring nonexistent directory "/Library/Developer/CommandLineTools/SDKs/MacOSX10.15.sdk/usr/include/c++/v1"]
  ignore line: [ignoring nonexistent directory "/Library/Developer/CommandLineTools/SDKs/MacOSX10.15.sdk/usr/local/include"]
  ignore line: [ignoring nonexistent directory "/Library/Developer/CommandLineTools/SDKs/MacOSX10.15.sdk/Library/Frameworks"]
  ignore line: [#include "..." search starts here:]
  ignore line: [#include <...> search starts here:]
  ignore line: [ /Library/Developer/CommandLineTools/usr/bin/../include/c++/v1]
  ignore line: [ /Library/Developer/CommandLineTools/usr/lib/clang/11.0.0/include]
  ignore line: [ /Library/Developer/CommandLineTools/usr/include]
  ignore line: [ /Library/Developer/CommandLineTools/SDKs/MacOSX10.15.sdk/usr/include]
  ignore line: [ /Library/Developer/CommandLineTools/SDKs/MacOSX10.15.sdk/System/Library/Frameworks (framework directory)]
  ignore line: [End of search list.]
  ignore line: [Linking CXX executable cmTC_3f555]
  ignore line: [/usr/local/Cellar/cmake/3.17.3/bin/cmake -E cmake_link_script CMakeFiles/cmTC_3f555.dir/link.txt --verbose=1]
  ignore line: [/Library/Developer/CommandLineTools/usr/bin/c++    -isysroot /Library/Developer/CommandLineTools/SDKs/MacOSX10.15.sdk -Wl -search_paths_first -Wl -headerpad_max_install_names  -v -Wl -v CMakeFiles/cmTC_3f555.dir/CMakeCXXCompilerABI.cpp.o  -o cmTC_3f555 ]
  ignore line: [Apple clang version 11.0.0 (clang-1100.0.33.12)]
  ignore line: [Target: x86_64-apple-darwin19.5.0]
  ignore line: [Thread model: posix]
  ignore line: [InstalledDir: /Library/Developer/CommandLineTools/usr/bin]
  link line: [ "/Library/Developer/CommandLineTools/usr/bin/ld" -demangle -lto_library /Library/Developer/CommandLineTools/usr/lib/libLTO.dylib -dynamic -arch x86_64 -macosx_version_min 10.15.0 -syslibroot /Library/Developer/CommandLineTools/SDKs/MacOSX10.15.sdk -o cmTC_3f555 -search_paths_first -headerpad_max_install_names -v CMakeFiles/cmTC_3f555.dir/CMakeCXXCompilerABI.cpp.o -lc++ -lSystem /Library/Developer/CommandLineTools/usr/lib/clang/11.0.0/lib/darwin/libclang_rt.osx.a]
    arg [/Library/Developer/CommandLineTools/usr/bin/ld] ==> ignore
    arg [-demangle] ==> ignore
    arg [-lto_library] ==> ignore, skip following value
    arg [/Library/Developer/CommandLineTools/usr/lib/libLTO.dylib] ==> skip value of -lto_library
    arg [-dynamic] ==> ignore
    arg [-arch] ==> ignore
    arg [x86_64] ==> ignore
    arg [-macosx_version_min] ==> ignore
    arg [10.15.0] ==> ignore
    arg [-syslibroot] ==> ignore
    arg [/Library/Developer/CommandLineTools/SDKs/MacOSX10.15.sdk] ==> ignore
    arg [-o] ==> ignore
    arg [cmTC_3f555] ==> ignore
    arg [-search_paths_first] ==> ignore
    arg [-headerpad_max_install_names] ==> ignore
    arg [-v] ==> ignore
    arg [CMakeFiles/cmTC_3f555.dir/CMakeCXXCompilerABI.cpp.o] ==> ignore
    arg [-lc++] ==> lib [c++]
    arg [-lSystem] ==> lib [System]
    arg [/Library/Developer/CommandLineTools/usr/lib/clang/11.0.0/lib/darwin/libclang_rt.osx.a] ==> lib [/Library/Developer/CommandLineTools/usr/lib/clang/11.0.0/lib/darwin/libclang_rt.osx.a]
  Library search paths: [;/Library/Developer/CommandLineTools/SDKs/MacOSX10.15.sdk/usr/lib]
  Framework search paths: [;/Library/Developer/CommandLineTools/SDKs/MacOSX10.15.sdk/System/Library/Frameworks/]
  remove lib [System]
  remove lib [/Library/Developer/CommandLineTools/usr/lib/clang/11.0.0/lib/darwin/libclang_rt.osx.a]
  collapse library dir [/Library/Developer/CommandLineTools/SDKs/MacOSX10.15.sdk/usr/lib] ==> [/Library/Developer/CommandLineTools/SDKs/MacOSX10.15.sdk/usr/lib]
  collapse framework dir [/Library/Developer/CommandLineTools/SDKs/MacOSX10.15.sdk/System/Library/Frameworks/] ==> [/Library/Developer/CommandLineTools/SDKs/MacOSX10.15.sdk/System/Library/Frameworks]
  implicit libs: [c++]
  implicit dirs: [/Library/Developer/CommandLineTools/SDKs/MacOSX10.15.sdk/usr/lib]
  implicit fwks: [/Library/Developer/CommandLineTools/SDKs/MacOSX10.15.sdk/System/Library/Frameworks]


Determining if the include file dlfcn.h exists passed with the following output:
Change Dir: /Users/mmetcalf/Dropbox/Quantum Embedding/Codes/Lithium_Downfolding/Qiskit Chem/Hamiltonian_Downfolding_IBM/nlopt-2.6.2/build/CMakeFiles/CMakeTmp

Run Build Command(s):/usr/bin/make cmTC_e417e/fast && /Library/Developer/CommandLineTools/usr/bin/make  -f CMakeFiles/cmTC_e417e.dir/build.make CMakeFiles/cmTC_e417e.dir/build
Building C object CMakeFiles/cmTC_e417e.dir/CheckIncludeFile.c.o
/Library/Developer/CommandLineTools/usr/bin/cc   -isysroot /Library/Developer/CommandLineTools/SDKs/MacOSX10.15.sdk   -o CMakeFiles/cmTC_e417e.dir/CheckIncludeFile.c.o   -c "/Users/mmetcalf/Dropbox/Quantum Embedding/Codes/Lithium_Downfolding/Qiskit Chem/Hamiltonian_Downfolding_IBM/nlopt-2.6.2/build/CMakeFiles/CMakeTmp/CheckIncludeFile.c"
Linking C executable cmTC_e417e
/usr/local/Cellar/cmake/3.17.3/bin/cmake -E cmake_link_script CMakeFiles/cmTC_e417e.dir/link.txt --verbose=1
/Library/Developer/CommandLineTools/usr/bin/cc   -isysroot /Library/Developer/CommandLineTools/SDKs/MacOSX10.15.sdk -Wl,-search_paths_first -Wl,-headerpad_max_install_names   CMakeFiles/cmTC_e417e.dir/CheckIncludeFile.c.o  -o cmTC_e417e 



Determining if the include file getopt.h exists passed with the following output:
Change Dir: /Users/mmetcalf/Dropbox/Quantum Embedding/Codes/Lithium_Downfolding/Qiskit Chem/Hamiltonian_Downfolding_IBM/nlopt-2.6.2/build/CMakeFiles/CMakeTmp

Run Build Command(s):/usr/bin/make cmTC_5d402/fast && /Library/Developer/CommandLineTools/usr/bin/make  -f CMakeFiles/cmTC_5d402.dir/build.make CMakeFiles/cmTC_5d402.dir/build
Building C object CMakeFiles/cmTC_5d402.dir/CheckIncludeFile.c.o
/Library/Developer/CommandLineTools/usr/bin/cc   -isysroot /Library/Developer/CommandLineTools/SDKs/MacOSX10.15.sdk   -o CMakeFiles/cmTC_5d402.dir/CheckIncludeFile.c.o   -c "/Users/mmetcalf/Dropbox/Quantum Embedding/Codes/Lithium_Downfolding/Qiskit Chem/Hamiltonian_Downfolding_IBM/nlopt-2.6.2/build/CMakeFiles/CMakeTmp/CheckIncludeFile.c"
Linking C executable cmTC_5d402
/usr/local/Cellar/cmake/3.17.3/bin/cmake -E cmake_link_script CMakeFiles/cmTC_5d402.dir/link.txt --verbose=1
/Library/Developer/CommandLineTools/usr/bin/cc   -isysroot /Library/Developer/CommandLineTools/SDKs/MacOSX10.15.sdk -Wl,-search_paths_first -Wl,-headerpad_max_install_names   CMakeFiles/cmTC_5d402.dir/CheckIncludeFile.c.o  -o cmTC_5d402 



Determining if the include file unistd.h exists passed with the following output:
Change Dir: /Users/mmetcalf/Dropbox/Quantum Embedding/Codes/Lithium_Downfolding/Qiskit Chem/Hamiltonian_Downfolding_IBM/nlopt-2.6.2/build/CMakeFiles/CMakeTmp

Run Build Command(s):/usr/bin/make cmTC_45778/fast && /Library/Developer/CommandLineTools/usr/bin/make  -f CMakeFiles/cmTC_45778.dir/build.make CMakeFiles/cmTC_45778.dir/build
Building C object CMakeFiles/cmTC_45778.dir/CheckIncludeFile.c.o
/Library/Developer/CommandLineTools/usr/bin/cc   -isysroot /Library/Developer/CommandLineTools/SDKs/MacOSX10.15.sdk   -o CMakeFiles/cmTC_45778.dir/CheckIncludeFile.c.o   -c "/Users/mmetcalf/Dropbox/Quantum Embedding/Codes/Lithium_Downfolding/Qiskit Chem/Hamiltonian_Downfolding_IBM/nlopt-2.6.2/build/CMakeFiles/CMakeTmp/CheckIncludeFile.c"
Linking C executable cmTC_45778
/usr/local/Cellar/cmake/3.17.3/bin/cmake -E cmake_link_script CMakeFiles/cmTC_45778.dir/link.txt --verbose=1
/Library/Developer/CommandLineTools/usr/bin/cc   -isysroot /Library/Developer/CommandLineTools/SDKs/MacOSX10.15.sdk -Wl,-search_paths_first -Wl,-headerpad_max_install_names   CMakeFiles/cmTC_45778.dir/CheckIncludeFile.c.o  -o cmTC_45778 



Determining if the include file string.h exists passed with the following output:
Change Dir: /Users/mmetcalf/Dropbox/Quantum Embedding/Codes/Lithium_Downfolding/Qiskit Chem/Hamiltonian_Downfolding_IBM/nlopt-2.6.2/build/CMakeFiles/CMakeTmp

Run Build Command(s):/usr/bin/make cmTC_17b93/fast && /Library/Developer/CommandLineTools/usr/bin/make  -f CMakeFiles/cmTC_17b93.dir/build.make CMakeFiles/cmTC_17b93.dir/build
Building C object CMakeFiles/cmTC_17b93.dir/CheckIncludeFile.c.o
/Library/Developer/CommandLineTools/usr/bin/cc   -isysroot /Library/Developer/CommandLineTools/SDKs/MacOSX10.15.sdk   -o CMakeFiles/cmTC_17b93.dir/CheckIncludeFile.c.o   -c "/Users/mmetcalf/Dropbox/Quantum Embedding/Codes/Lithium_Downfolding/Qiskit Chem/Hamiltonian_Downfolding_IBM/nlopt-2.6.2/build/CMakeFiles/CMakeTmp/CheckIncludeFile.c"
Linking C executable cmTC_17b93
/usr/local/Cellar/cmake/3.17.3/bin/cmake -E cmake_link_script CMakeFiles/cmTC_17b93.dir/link.txt --verbose=1
/Library/Developer/CommandLineTools/usr/bin/cc   -isysroot /Library/Developer/CommandLineTools/SDKs/MacOSX10.15.sdk -Wl,-search_paths_first -Wl,-headerpad_max_install_names   CMakeFiles/cmTC_17b93.dir/CheckIncludeFile.c.o  -o cmTC_17b93 



Determining if the include file strings.h exists passed with the following output:
Change Dir: /Users/mmetcalf/Dropbox/Quantum Embedding/Codes/Lithium_Downfolding/Qiskit Chem/Hamiltonian_Downfolding_IBM/nlopt-2.6.2/build/CMakeFiles/CMakeTmp

Run Build Command(s):/usr/bin/make cmTC_c66f3/fast && /Library/Developer/CommandLineTools/usr/bin/make  -f CMakeFiles/cmTC_c66f3.dir/build.make CMakeFiles/cmTC_c66f3.dir/build
Building C object CMakeFiles/cmTC_c66f3.dir/CheckIncludeFile.c.o
/Library/Developer/CommandLineTools/usr/bin/cc   -isysroot /Library/Developer/CommandLineTools/SDKs/MacOSX10.15.sdk   -o CMakeFiles/cmTC_c66f3.dir/CheckIncludeFile.c.o   -c "/Users/mmetcalf/Dropbox/Quantum Embedding/Codes/Lithium_Downfolding/Qiskit Chem/Hamiltonian_Downfolding_IBM/nlopt-2.6.2/build/CMakeFiles/CMakeTmp/CheckIncludeFile.c"
Linking C executable cmTC_c66f3
/usr/local/Cellar/cmake/3.17.3/bin/cmake -E cmake_link_script CMakeFiles/cmTC_c66f3.dir/link.txt --verbose=1
/Library/Developer/CommandLineTools/usr/bin/cc   -isysroot /Library/Developer/CommandLineTools/SDKs/MacOSX10.15.sdk -Wl,-search_paths_first -Wl,-headerpad_max_install_names   CMakeFiles/cmTC_c66f3.dir/CheckIncludeFile.c.o  -o cmTC_c66f3 



Determining if the include file inttypes.h exists passed with the following output:
Change Dir: /Users/mmetcalf/Dropbox/Quantum Embedding/Codes/Lithium_Downfolding/Qiskit Chem/Hamiltonian_Downfolding_IBM/nlopt-2.6.2/build/CMakeFiles/CMakeTmp

Run Build Command(s):/usr/bin/make cmTC_a9fae/fast && /Library/Developer/CommandLineTools/usr/bin/make  -f CMakeFiles/cmTC_a9fae.dir/build.make CMakeFiles/cmTC_a9fae.dir/build
Building C object CMakeFiles/cmTC_a9fae.dir/CheckIncludeFile.c.o
/Library/Developer/CommandLineTools/usr/bin/cc   -isysroot /Library/Developer/CommandLineTools/SDKs/MacOSX10.15.sdk   -o CMakeFiles/cmTC_a9fae.dir/CheckIncludeFile.c.o   -c "/Users/mmetcalf/Dropbox/Quantum Embedding/Codes/Lithium_Downfolding/Qiskit Chem/Hamiltonian_Downfolding_IBM/nlopt-2.6.2/build/CMakeFiles/CMakeTmp/CheckIncludeFile.c"
Linking C executable cmTC_a9fae
/usr/local/Cellar/cmake/3.17.3/bin/cmake -E cmake_link_script CMakeFiles/cmTC_a9fae.dir/link.txt --verbose=1
/Library/Developer/CommandLineTools/usr/bin/cc   -isysroot /Library/Developer/CommandLineTools/SDKs/MacOSX10.15.sdk -Wl,-search_paths_first -Wl,-headerpad_max_install_names   CMakeFiles/cmTC_a9fae.dir/CheckIncludeFile.c.o  -o cmTC_a9fae 



Determining if the include file memory.h exists passed with the following output:
Change Dir: /Users/mmetcalf/Dropbox/Quantum Embedding/Codes/Lithium_Downfolding/Qiskit Chem/Hamiltonian_Downfolding_IBM/nlopt-2.6.2/build/CMakeFiles/CMakeTmp

Run Build Command(s):/usr/bin/make cmTC_9129b/fast && /Library/Developer/CommandLineTools/usr/bin/make  -f CMakeFiles/cmTC_9129b.dir/build.make CMakeFiles/cmTC_9129b.dir/build
Building C object CMakeFiles/cmTC_9129b.dir/CheckIncludeFile.c.o
/Library/Developer/CommandLineTools/usr/bin/cc   -isysroot /Library/Developer/CommandLineTools/SDKs/MacOSX10.15.sdk   -o CMakeFiles/cmTC_9129b.dir/CheckIncludeFile.c.o   -c "/Users/mmetcalf/Dropbox/Quantum Embedding/Codes/Lithium_Downfolding/Qiskit Chem/Hamiltonian_Downfolding_IBM/nlopt-2.6.2/build/CMakeFiles/CMakeTmp/CheckIncludeFile.c"
Linking C executable cmTC_9129b
/usr/local/Cellar/cmake/3.17.3/bin/cmake -E cmake_link_script CMakeFiles/cmTC_9129b.dir/link.txt --verbose=1
/Library/Developer/CommandLineTools/usr/bin/cc   -isysroot /Library/Developer/CommandLineTools/SDKs/MacOSX10.15.sdk -Wl,-search_paths_first -Wl,-headerpad_max_install_names   CMakeFiles/cmTC_9129b.dir/CheckIncludeFile.c.o  -o cmTC_9129b 



Determining if the include file stdlib.h exists passed with the following output:
Change Dir: /Users/mmetcalf/Dropbox/Quantum Embedding/Codes/Lithium_Downfolding/Qiskit Chem/Hamiltonian_Downfolding_IBM/nlopt-2.6.2/build/CMakeFiles/CMakeTmp

Run Build Command(s):/usr/bin/make cmTC_d455a/fast && /Library/Developer/CommandLineTools/usr/bin/make  -f CMakeFiles/cmTC_d455a.dir/build.make CMakeFiles/cmTC_d455a.dir/build
Building C object CMakeFiles/cmTC_d455a.dir/CheckIncludeFile.c.o
/Library/Developer/CommandLineTools/usr/bin/cc   -isysroot /Library/Developer/CommandLineTools/SDKs/MacOSX10.15.sdk   -o CMakeFiles/cmTC_d455a.dir/CheckIncludeFile.c.o   -c "/Users/mmetcalf/Dropbox/Quantum Embedding/Codes/Lithium_Downfolding/Qiskit Chem/Hamiltonian_Downfolding_IBM/nlopt-2.6.2/build/CMakeFiles/CMakeTmp/CheckIncludeFile.c"
Linking C executable cmTC_d455a
/usr/local/Cellar/cmake/3.17.3/bin/cmake -E cmake_link_script CMakeFiles/cmTC_d455a.dir/link.txt --verbose=1
/Library/Developer/CommandLineTools/usr/bin/cc   -isysroot /Library/Developer/CommandLineTools/SDKs/MacOSX10.15.sdk -Wl,-search_paths_first -Wl,-headerpad_max_install_names   CMakeFiles/cmTC_d455a.dir/CheckIncludeFile.c.o  -o cmTC_d455a 



Determining if the include file stdint.h exists passed with the following output:
Change Dir: /Users/mmetcalf/Dropbox/Quantum Embedding/Codes/Lithium_Downfolding/Qiskit Chem/Hamiltonian_Downfolding_IBM/nlopt-2.6.2/build/CMakeFiles/CMakeTmp

Run Build Command(s):/usr/bin/make cmTC_c5458/fast && /Library/Developer/CommandLineTools/usr/bin/make  -f CMakeFiles/cmTC_c5458.dir/build.make CMakeFiles/cmTC_c5458.dir/build
Building C object CMakeFiles/cmTC_c5458.dir/CheckIncludeFile.c.o
/Library/Developer/CommandLineTools/usr/bin/cc   -isysroot /Library/Developer/CommandLineTools/SDKs/MacOSX10.15.sdk   -o CMakeFiles/cmTC_c5458.dir/CheckIncludeFile.c.o   -c "/Users/mmetcalf/Dropbox/Quantum Embedding/Codes/Lithium_Downfolding/Qiskit Chem/Hamiltonian_Downfolding_IBM/nlopt-2.6.2/build/CMakeFiles/CMakeTmp/CheckIncludeFile.c"
Linking C executable cmTC_c5458
/usr/local/Cellar/cmake/3.17.3/bin/cmake -E cmake_link_script CMakeFiles/cmTC_c5458.dir/link.txt --verbose=1
/Library/Developer/CommandLineTools/usr/bin/cc   -isysroot /Library/Developer/CommandLineTools/SDKs/MacOSX10.15.sdk -Wl,-search_paths_first -Wl,-headerpad_max_install_names   CMakeFiles/cmTC_c5458.dir/CheckIncludeFile.c.o  -o cmTC_c5458 



Determining if the include file time.h exists passed with the following output:
Change Dir: /Users/mmetcalf/Dropbox/Quantum Embedding/Codes/Lithium_Downfolding/Qiskit Chem/Hamiltonian_Downfolding_IBM/nlopt-2.6.2/build/CMakeFiles/CMakeTmp

Run Build Command(s):/usr/bin/make cmTC_2fd04/fast && /Library/Developer/CommandLineTools/usr/bin/make  -f CMakeFiles/cmTC_2fd04.dir/build.make CMakeFiles/cmTC_2fd04.dir/build
Building C object CMakeFiles/cmTC_2fd04.dir/CheckIncludeFile.c.o
/Library/Developer/CommandLineTools/usr/bin/cc   -isysroot /Library/Developer/CommandLineTools/SDKs/MacOSX10.15.sdk   -o CMakeFiles/cmTC_2fd04.dir/CheckIncludeFile.c.o   -c "/Users/mmetcalf/Dropbox/Quantum Embedding/Codes/Lithium_Downfolding/Qiskit Chem/Hamiltonian_Downfolding_IBM/nlopt-2.6.2/build/CMakeFiles/CMakeTmp/CheckIncludeFile.c"
Linking C executable cmTC_2fd04
/usr/local/Cellar/cmake/3.17.3/bin/cmake -E cmake_link_script CMakeFiles/cmTC_2fd04.dir/link.txt --verbose=1
/Library/Developer/CommandLineTools/usr/bin/cc   -isysroot /Library/Developer/CommandLineTools/SDKs/MacOSX10.15.sdk -Wl,-search_paths_first -Wl,-headerpad_max_install_names   CMakeFiles/cmTC_2fd04.dir/CheckIncludeFile.c.o  -o cmTC_2fd04 



Determining if the include file sys/types.h exists passed with the following output:
Change Dir: /Users/mmetcalf/Dropbox/Quantum Embedding/Codes/Lithium_Downfolding/Qiskit Chem/Hamiltonian_Downfolding_IBM/nlopt-2.6.2/build/CMakeFiles/CMakeTmp

Run Build Command(s):/usr/bin/make cmTC_3f458/fast && /Library/Developer/CommandLineTools/usr/bin/make  -f CMakeFiles/cmTC_3f458.dir/build.make CMakeFiles/cmTC_3f458.dir/build
Building C object CMakeFiles/cmTC_3f458.dir/CheckIncludeFile.c.o
/Library/Developer/CommandLineTools/usr/bin/cc   -isysroot /Library/Developer/CommandLineTools/SDKs/MacOSX10.15.sdk   -o CMakeFiles/cmTC_3f458.dir/CheckIncludeFile.c.o   -c "/Users/mmetcalf/Dropbox/Quantum Embedding/Codes/Lithium_Downfolding/Qiskit Chem/Hamiltonian_Downfolding_IBM/nlopt-2.6.2/build/CMakeFiles/CMakeTmp/CheckIncludeFile.c"
Linking C executable cmTC_3f458
/usr/local/Cellar/cmake/3.17.3/bin/cmake -E cmake_link_script CMakeFiles/cmTC_3f458.dir/link.txt --verbose=1
/Library/Developer/CommandLineTools/usr/bin/cc   -isysroot /Library/Developer/CommandLineTools/SDKs/MacOSX10.15.sdk -Wl,-search_paths_first -Wl,-headerpad_max_install_names   CMakeFiles/cmTC_3f458.dir/CheckIncludeFile.c.o  -o cmTC_3f458 



Determining if the include file sys/stat.h exists passed with the following output:
Change Dir: /Users/mmetcalf/Dropbox/Quantum Embedding/Codes/Lithium_Downfolding/Qiskit Chem/Hamiltonian_Downfolding_IBM/nlopt-2.6.2/build/CMakeFiles/CMakeTmp

Run Build Command(s):/usr/bin/make cmTC_696eb/fast && /Library/Developer/CommandLineTools/usr/bin/make  -f CMakeFiles/cmTC_696eb.dir/build.make CMakeFiles/cmTC_696eb.dir/build
Building C object CMakeFiles/cmTC_696eb.dir/CheckIncludeFile.c.o
/Library/Developer/CommandLineTools/usr/bin/cc   -isysroot /Library/Developer/CommandLineTools/SDKs/MacOSX10.15.sdk   -o CMakeFiles/cmTC_696eb.dir/CheckIncludeFile.c.o   -c "/Users/mmetcalf/Dropbox/Quantum Embedding/Codes/Lithium_Downfolding/Qiskit Chem/Hamiltonian_Downfolding_IBM/nlopt-2.6.2/build/CMakeFiles/CMakeTmp/CheckIncludeFile.c"
Linking C executable cmTC_696eb
/usr/local/Cellar/cmake/3.17.3/bin/cmake -E cmake_link_script CMakeFiles/cmTC_696eb.dir/link.txt --verbose=1
/Library/Developer/CommandLineTools/usr/bin/cc   -isysroot /Library/Developer/CommandLineTools/SDKs/MacOSX10.15.sdk -Wl,-search_paths_first -Wl,-headerpad_max_install_names   CMakeFiles/cmTC_696eb.dir/CheckIncludeFile.c.o  -o cmTC_696eb 



Determining if the include file sys/time.h exists passed with the following output:
Change Dir: /Users/mmetcalf/Dropbox/Quantum Embedding/Codes/Lithium_Downfolding/Qiskit Chem/Hamiltonian_Downfolding_IBM/nlopt-2.6.2/build/CMakeFiles/CMakeTmp

Run Build Command(s):/usr/bin/make cmTC_c5396/fast && /Library/Developer/CommandLineTools/usr/bin/make  -f CMakeFiles/cmTC_c5396.dir/build.make CMakeFiles/cmTC_c5396.dir/build
Building C object CMakeFiles/cmTC_c5396.dir/CheckIncludeFile.c.o
/Library/Developer/CommandLineTools/usr/bin/cc   -isysroot /Library/Developer/CommandLineTools/SDKs/MacOSX10.15.sdk   -o CMakeFiles/cmTC_c5396.dir/CheckIncludeFile.c.o   -c "/Users/mmetcalf/Dropbox/Quantum Embedding/Codes/Lithium_Downfolding/Qiskit Chem/Hamiltonian_Downfolding_IBM/nlopt-2.6.2/build/CMakeFiles/CMakeTmp/CheckIncludeFile.c"
Linking C executable cmTC_c5396
/usr/local/Cellar/cmake/3.17.3/bin/cmake -E cmake_link_script CMakeFiles/cmTC_c5396.dir/link.txt --verbose=1
/Library/Developer/CommandLineTools/usr/bin/cc   -isysroot /Library/Developer/CommandLineTools/SDKs/MacOSX10.15.sdk -Wl,-search_paths_first -Wl,-headerpad_max_install_names   CMakeFiles/cmTC_c5396.dir/CheckIncludeFile.c.o  -o cmTC_c5396 



Determining if the function getpid exists passed with the following output:
Change Dir: /Users/mmetcalf/Dropbox/Quantum Embedding/Codes/Lithium_Downfolding/Qiskit Chem/Hamiltonian_Downfolding_IBM/nlopt-2.6.2/build/CMakeFiles/CMakeTmp

Run Build Command(s):/usr/bin/make cmTC_67fd3/fast && /Library/Developer/CommandLineTools/usr/bin/make  -f CMakeFiles/cmTC_67fd3.dir/build.make CMakeFiles/cmTC_67fd3.dir/build
Building C object CMakeFiles/cmTC_67fd3.dir/CheckFunctionExists.c.o
/Library/Developer/CommandLineTools/usr/bin/cc   -DCHECK_FUNCTION_EXISTS=getpid -isysroot /Library/Developer/CommandLineTools/SDKs/MacOSX10.15.sdk   -o CMakeFiles/cmTC_67fd3.dir/CheckFunctionExists.c.o   -c /usr/local/Cellar/cmake/3.17.3/share/cmake/Modules/CheckFunctionExists.c
Linking C executable cmTC_67fd3
/usr/local/Cellar/cmake/3.17.3/bin/cmake -E cmake_link_script CMakeFiles/cmTC_67fd3.dir/link.txt --verbose=1
/Library/Developer/CommandLineTools/usr/bin/cc  -DCHECK_FUNCTION_EXISTS=getpid -isysroot /Library/Developer/CommandLineTools/SDKs/MacOSX10.15.sdk -Wl,-search_paths_first -Wl,-headerpad_max_install_names   CMakeFiles/cmTC_67fd3.dir/CheckFunctionExists.c.o  -o cmTC_67fd3 



Determining if the function syscall exists passed with the following output:
Change Dir: /Users/mmetcalf/Dropbox/Quantum Embedding/Codes/Lithium_Downfolding/Qiskit Chem/Hamiltonian_Downfolding_IBM/nlopt-2.6.2/build/CMakeFiles/CMakeTmp

Run Build Command(s):/usr/bin/make cmTC_fb68e/fast && /Library/Developer/CommandLineTools/usr/bin/make  -f CMakeFiles/cmTC_fb68e.dir/build.make CMakeFiles/cmTC_fb68e.dir/build
Building C object CMakeFiles/cmTC_fb68e.dir/CheckFunctionExists.c.o
/Library/Developer/CommandLineTools/usr/bin/cc   -DCHECK_FUNCTION_EXISTS=syscall -isysroot /Library/Developer/CommandLineTools/SDKs/MacOSX10.15.sdk   -o CMakeFiles/cmTC_fb68e.dir/CheckFunctionExists.c.o   -c /usr/local/Cellar/cmake/3.17.3/share/cmake/Modules/CheckFunctionExists.c
Linking C executable cmTC_fb68e
/usr/local/Cellar/cmake/3.17.3/bin/cmake -E cmake_link_script CMakeFiles/cmTC_fb68e.dir/link.txt --verbose=1
/Library/Developer/CommandLineTools/usr/bin/cc  -DCHECK_FUNCTION_EXISTS=syscall -isysroot /Library/Developer/CommandLineTools/SDKs/MacOSX10.15.sdk -Wl,-search_paths_first -Wl,-headerpad_max_install_names   CMakeFiles/cmTC_fb68e.dir/CheckFunctionExists.c.o  -o cmTC_fb68e 



Determining if the function isinf exists passed with the following output:
Change Dir: /Users/mmetcalf/Dropbox/Quantum Embedding/Codes/Lithium_Downfolding/Qiskit Chem/Hamiltonian_Downfolding_IBM/nlopt-2.6.2/build/CMakeFiles/CMakeTmp

Run Build Command(s):/usr/bin/make cmTC_ee83f/fast && /Library/Developer/CommandLineTools/usr/bin/make  -f CMakeFiles/cmTC_ee83f.dir/build.make CMakeFiles/cmTC_ee83f.dir/build
Building C object CMakeFiles/cmTC_ee83f.dir/CheckFunctionExists.c.o
/Library/Developer/CommandLineTools/usr/bin/cc   -DCHECK_FUNCTION_EXISTS=isinf -isysroot /Library/Developer/CommandLineTools/SDKs/MacOSX10.15.sdk   -o CMakeFiles/cmTC_ee83f.dir/CheckFunctionExists.c.o   -c /usr/local/Cellar/cmake/3.17.3/share/cmake/Modules/CheckFunctionExists.c
Linking C executable cmTC_ee83f
/usr/local/Cellar/cmake/3.17.3/bin/cmake -E cmake_link_script CMakeFiles/cmTC_ee83f.dir/link.txt --verbose=1
/Library/Developer/CommandLineTools/usr/bin/cc  -DCHECK_FUNCTION_EXISTS=isinf -isysroot /Library/Developer/CommandLineTools/SDKs/MacOSX10.15.sdk -Wl,-search_paths_first -Wl,-headerpad_max_install_names   CMakeFiles/cmTC_ee83f.dir/CheckFunctionExists.c.o  -o cmTC_ee83f 



Determining if the function isnan exists passed with the following output:
Change Dir: /Users/mmetcalf/Dropbox/Quantum Embedding/Codes/Lithium_Downfolding/Qiskit Chem/Hamiltonian_Downfolding_IBM/nlopt-2.6.2/build/CMakeFiles/CMakeTmp

Run Build Command(s):/usr/bin/make cmTC_7f424/fast && /Library/Developer/CommandLineTools/usr/bin/make  -f CMakeFiles/cmTC_7f424.dir/build.make CMakeFiles/cmTC_7f424.dir/build
Building C object CMakeFiles/cmTC_7f424.dir/CheckFunctionExists.c.o
/Library/Developer/CommandLineTools/usr/bin/cc   -DCHECK_FUNCTION_EXISTS=isnan -isysroot /Library/Developer/CommandLineTools/SDKs/MacOSX10.15.sdk   -o CMakeFiles/cmTC_7f424.dir/CheckFunctionExists.c.o   -c /usr/local/Cellar/cmake/3.17.3/share/cmake/Modules/CheckFunctionExists.c
Linking C executable cmTC_7f424
/usr/local/Cellar/cmake/3.17.3/bin/cmake -E cmake_link_script CMakeFiles/cmTC_7f424.dir/link.txt --verbose=1
/Library/Developer/CommandLineTools/usr/bin/cc  -DCHECK_FUNCTION_EXISTS=isnan -isysroot /Library/Developer/CommandLineTools/SDKs/MacOSX10.15.sdk -Wl,-search_paths_first -Wl,-headerpad_max_install_names   CMakeFiles/cmTC_7f424.dir/CheckFunctionExists.c.o  -o cmTC_7f424 



Determining if the function gettimeofday exists passed with the following output:
Change Dir: /Users/mmetcalf/Dropbox/Quantum Embedding/Codes/Lithium_Downfolding/Qiskit Chem/Hamiltonian_Downfolding_IBM/nlopt-2.6.2/build/CMakeFiles/CMakeTmp

Run Build Command(s):/usr/bin/make cmTC_45b80/fast && /Library/Developer/CommandLineTools/usr/bin/make  -f CMakeFiles/cmTC_45b80.dir/build.make CMakeFiles/cmTC_45b80.dir/build
Building C object CMakeFiles/cmTC_45b80.dir/CheckFunctionExists.c.o
/Library/Developer/CommandLineTools/usr/bin/cc   -DCHECK_FUNCTION_EXISTS=gettimeofday -isysroot /Library/Developer/CommandLineTools/SDKs/MacOSX10.15.sdk   -o CMakeFiles/cmTC_45b80.dir/CheckFunctionExists.c.o   -c /usr/local/Cellar/cmake/3.17.3/share/cmake/Modules/CheckFunctionExists.c
Linking C executable cmTC_45b80
/usr/local/Cellar/cmake/3.17.3/bin/cmake -E cmake_link_script CMakeFiles/cmTC_45b80.dir/link.txt --verbose=1
/Library/Developer/CommandLineTools/usr/bin/cc  -DCHECK_FUNCTION_EXISTS=gettimeofday -isysroot /Library/Developer/CommandLineTools/SDKs/MacOSX10.15.sdk -Wl,-search_paths_first -Wl,-headerpad_max_install_names   CMakeFiles/cmTC_45b80.dir/CheckFunctionExists.c.o  -o cmTC_45b80 



Determining if the function qsort_r exists passed with the following output:
Change Dir: /Users/mmetcalf/Dropbox/Quantum Embedding/Codes/Lithium_Downfolding/Qiskit Chem/Hamiltonian_Downfolding_IBM/nlopt-2.6.2/build/CMakeFiles/CMakeTmp

Run Build Command(s):/usr/bin/make cmTC_272f2/fast && /Library/Developer/CommandLineTools/usr/bin/make  -f CMakeFiles/cmTC_272f2.dir/build.make CMakeFiles/cmTC_272f2.dir/build
Building C object CMakeFiles/cmTC_272f2.dir/CheckFunctionExists.c.o
/Library/Developer/CommandLineTools/usr/bin/cc   -DCHECK_FUNCTION_EXISTS=qsort_r -isysroot /Library/Developer/CommandLineTools/SDKs/MacOSX10.15.sdk   -o CMakeFiles/cmTC_272f2.dir/CheckFunctionExists.c.o   -c /usr/local/Cellar/cmake/3.17.3/share/cmake/Modules/CheckFunctionExists.c
Linking C executable cmTC_272f2
/usr/local/Cellar/cmake/3.17.3/bin/cmake -E cmake_link_script CMakeFiles/cmTC_272f2.dir/link.txt --verbose=1
/Library/Developer/CommandLineTools/usr/bin/cc  -DCHECK_FUNCTION_EXISTS=qsort_r -isysroot /Library/Developer/CommandLineTools/SDKs/MacOSX10.15.sdk -Wl,-search_paths_first -Wl,-headerpad_max_install_names   CMakeFiles/cmTC_272f2.dir/CheckFunctionExists.c.o  -o cmTC_272f2 



Determining if the function time exists passed with the following output:
Change Dir: /Users/mmetcalf/Dropbox/Quantum Embedding/Codes/Lithium_Downfolding/Qiskit Chem/Hamiltonian_Downfolding_IBM/nlopt-2.6.2/build/CMakeFiles/CMakeTmp

Run Build Command(s):/usr/bin/make cmTC_6fdd7/fast && /Library/Developer/CommandLineTools/usr/bin/make  -f CMakeFiles/cmTC_6fdd7.dir/build.make CMakeFiles/cmTC_6fdd7.dir/build
Building C object CMakeFiles/cmTC_6fdd7.dir/CheckFunctionExists.c.o
/Library/Developer/CommandLineTools/usr/bin/cc   -DCHECK_FUNCTION_EXISTS=time -isysroot /Library/Developer/CommandLineTools/SDKs/MacOSX10.15.sdk   -o CMakeFiles/cmTC_6fdd7.dir/CheckFunctionExists.c.o   -c /usr/local/Cellar/cmake/3.17.3/share/cmake/Modules/CheckFunctionExists.c
Linking C executable cmTC_6fdd7
/usr/local/Cellar/cmake/3.17.3/bin/cmake -E cmake_link_script CMakeFiles/cmTC_6fdd7.dir/link.txt --verbose=1
/Library/Developer/CommandLineTools/usr/bin/cc  -DCHECK_FUNCTION_EXISTS=time -isysroot /Library/Developer/CommandLineTools/SDKs/MacOSX10.15.sdk -Wl,-search_paths_first -Wl,-headerpad_max_install_names   CMakeFiles/cmTC_6fdd7.dir/CheckFunctionExists.c.o  -o cmTC_6fdd7 



Determining if the function copysign exists passed with the following output:
Change Dir: /Users/mmetcalf/Dropbox/Quantum Embedding/Codes/Lithium_Downfolding/Qiskit Chem/Hamiltonian_Downfolding_IBM/nlopt-2.6.2/build/CMakeFiles/CMakeTmp

Run Build Command(s):/usr/bin/make cmTC_e63ff/fast && /Library/Developer/CommandLineTools/usr/bin/make  -f CMakeFiles/cmTC_e63ff.dir/build.make CMakeFiles/cmTC_e63ff.dir/build
Building C object CMakeFiles/cmTC_e63ff.dir/CheckFunctionExists.c.o
/Library/Developer/CommandLineTools/usr/bin/cc   -DCHECK_FUNCTION_EXISTS=copysign -isysroot /Library/Developer/CommandLineTools/SDKs/MacOSX10.15.sdk   -o CMakeFiles/cmTC_e63ff.dir/CheckFunctionExists.c.o   -c /usr/local/Cellar/cmake/3.17.3/share/cmake/Modules/CheckFunctionExists.c
/usr/local/Cellar/cmake/3.17.3/share/cmake/Modules/CheckFunctionExists.c:7:3: warning: incompatible redeclaration of library function 'copysign' [-Wincompatible-library-redeclaration]
  CHECK_FUNCTION_EXISTS(void);
  ^
<command line>:1:31: note: expanded from here
#define CHECK_FUNCTION_EXISTS copysign
                              ^
/usr/local/Cellar/cmake/3.17.3/share/cmake/Modules/CheckFunctionExists.c:7:3: note: 'copysign' is a builtin with type 'double (double, double)'
<command line>:1:31: note: expanded from here
#define CHECK_FUNCTION_EXISTS copysign
                              ^
1 warning generated.
Linking C executable cmTC_e63ff
/usr/local/Cellar/cmake/3.17.3/bin/cmake -E cmake_link_script CMakeFiles/cmTC_e63ff.dir/link.txt --verbose=1
/Library/Developer/CommandLineTools/usr/bin/cc  -DCHECK_FUNCTION_EXISTS=copysign -isysroot /Library/Developer/CommandLineTools/SDKs/MacOSX10.15.sdk -Wl,-search_paths_first -Wl,-headerpad_max_install_names   CMakeFiles/cmTC_e63ff.dir/CheckFunctionExists.c.o  -o cmTC_e63ff 



Determining if the include file stddef.h exists passed with the following output:
Change Dir: /Users/mmetcalf/Dropbox/Quantum Embedding/Codes/Lithium_Downfolding/Qiskit Chem/Hamiltonian_Downfolding_IBM/nlopt-2.6.2/build/CMakeFiles/CMakeTmp

Run Build Command(s):/usr/bin/make cmTC_46ea8/fast && /Library/Developer/CommandLineTools/usr/bin/make  -f CMakeFiles/cmTC_46ea8.dir/build.make CMakeFiles/cmTC_46ea8.dir/build
Building C object CMakeFiles/cmTC_46ea8.dir/CheckIncludeFile.c.o
/Library/Developer/CommandLineTools/usr/bin/cc   -isysroot /Library/Developer/CommandLineTools/SDKs/MacOSX10.15.sdk   -o CMakeFiles/cmTC_46ea8.dir/CheckIncludeFile.c.o   -c "/Users/mmetcalf/Dropbox/Quantum Embedding/Codes/Lithium_Downfolding/Qiskit Chem/Hamiltonian_Downfolding_IBM/nlopt-2.6.2/build/CMakeFiles/CMakeTmp/CheckIncludeFile.c"
Linking C executable cmTC_46ea8
/usr/local/Cellar/cmake/3.17.3/bin/cmake -E cmake_link_script CMakeFiles/cmTC_46ea8.dir/link.txt --verbose=1
/Library/Developer/CommandLineTools/usr/bin/cc   -isysroot /Library/Developer/CommandLineTools/SDKs/MacOSX10.15.sdk -Wl,-search_paths_first -Wl,-headerpad_max_install_names   CMakeFiles/cmTC_46ea8.dir/CheckIncludeFile.c.o  -o cmTC_46ea8 



Determining size of uint32_t passed with the following output:
Change Dir: /Users/mmetcalf/Dropbox/Quantum Embedding/Codes/Lithium_Downfolding/Qiskit Chem/Hamiltonian_Downfolding_IBM/nlopt-2.6.2/build/CMakeFiles/CMakeTmp

Run Build Command(s):/usr/bin/make cmTC_3a9e2/fast && /Library/Developer/CommandLineTools/usr/bin/make  -f CMakeFiles/cmTC_3a9e2.dir/build.make CMakeFiles/cmTC_3a9e2.dir/build
Building C object CMakeFiles/cmTC_3a9e2.dir/SIZEOF_UINT32_T.c.o
/Library/Developer/CommandLineTools/usr/bin/cc   -isysroot /Library/Developer/CommandLineTools/SDKs/MacOSX10.15.sdk   -o CMakeFiles/cmTC_3a9e2.dir/SIZEOF_UINT32_T.c.o   -c "/Users/mmetcalf/Dropbox/Quantum Embedding/Codes/Lithium_Downfolding/Qiskit Chem/Hamiltonian_Downfolding_IBM/nlopt-2.6.2/build/CMakeFiles/CheckTypeSize/SIZEOF_UINT32_T.c"
Linking C executable cmTC_3a9e2
/usr/local/Cellar/cmake/3.17.3/bin/cmake -E cmake_link_script CMakeFiles/cmTC_3a9e2.dir/link.txt --verbose=1
/Library/Developer/CommandLineTools/usr/bin/cc   -isysroot /Library/Developer/CommandLineTools/SDKs/MacOSX10.15.sdk -Wl,-search_paths_first -Wl,-headerpad_max_install_names   CMakeFiles/cmTC_3a9e2.dir/SIZEOF_UINT32_T.c.o  -o cmTC_3a9e2 



Determining size of unsigned int passed with the following output:
Change Dir: /Users/mmetcalf/Dropbox/Quantum Embedding/Codes/Lithium_Downfolding/Qiskit Chem/Hamiltonian_Downfolding_IBM/nlopt-2.6.2/build/CMakeFiles/CMakeTmp

Run Build Command(s):/usr/bin/make cmTC_0af2c/fast && /Library/Developer/CommandLineTools/usr/bin/make  -f CMakeFiles/cmTC_0af2c.dir/build.make CMakeFiles/cmTC_0af2c.dir/build
Building C object CMakeFiles/cmTC_0af2c.dir/SIZEOF_UNSIGNED_INT.c.o
/Library/Developer/CommandLineTools/usr/bin/cc   -isysroot /Library/Developer/CommandLineTools/SDKs/MacOSX10.15.sdk   -o CMakeFiles/cmTC_0af2c.dir/SIZEOF_UNSIGNED_INT.c.o   -c "/Users/mmetcalf/Dropbox/Quantum Embedding/Codes/Lithium_Downfolding/Qiskit Chem/Hamiltonian_Downfolding_IBM/nlopt-2.6.2/build/CMakeFiles/CheckTypeSize/SIZEOF_UNSIGNED_INT.c"
Linking C executable cmTC_0af2c
/usr/local/Cellar/cmake/3.17.3/bin/cmake -E cmake_link_script CMakeFiles/cmTC_0af2c.dir/link.txt --verbose=1
/Library/Developer/CommandLineTools/usr/bin/cc   -isysroot /Library/Developer/CommandLineTools/SDKs/MacOSX10.15.sdk -Wl,-search_paths_first -Wl,-headerpad_max_install_names   CMakeFiles/cmTC_0af2c.dir/SIZEOF_UNSIGNED_INT.c.o  -o cmTC_0af2c 



Determining size of unsigned long passed with the following output:
Change Dir: /Users/mmetcalf/Dropbox/Quantum Embedding/Codes/Lithium_Downfolding/Qiskit Chem/Hamiltonian_Downfolding_IBM/nlopt-2.6.2/build/CMakeFiles/CMakeTmp

Run Build Command(s):/usr/bin/make cmTC_98899/fast && /Library/Developer/CommandLineTools/usr/bin/make  -f CMakeFiles/cmTC_98899.dir/build.make CMakeFiles/cmTC_98899.dir/build
Building C object CMakeFiles/cmTC_98899.dir/SIZEOF_UNSIGNED_LONG.c.o
/Library/Developer/CommandLineTools/usr/bin/cc   -isysroot /Library/Developer/CommandLineTools/SDKs/MacOSX10.15.sdk   -o CMakeFiles/cmTC_98899.dir/SIZEOF_UNSIGNED_LONG.c.o   -c "/Users/mmetcalf/Dropbox/Quantum Embedding/Codes/Lithium_Downfolding/Qiskit Chem/Hamiltonian_Downfolding_IBM/nlopt-2.6.2/build/CMakeFiles/CheckTypeSize/SIZEOF_UNSIGNED_LONG.c"
Linking C executable cmTC_98899
/usr/local/Cellar/cmake/3.17.3/bin/cmake -E cmake_link_script CMakeFiles/cmTC_98899.dir/link.txt --verbose=1
/Library/Developer/CommandLineTools/usr/bin/cc   -isysroot /Library/Developer/CommandLineTools/SDKs/MacOSX10.15.sdk -Wl,-search_paths_first -Wl,-headerpad_max_install_names   CMakeFiles/cmTC_98899.dir/SIZEOF_UNSIGNED_LONG.c.o  -o cmTC_98899 



Determining if the function sqrt exists in the m passed with the following output:
Change Dir: /Users/mmetcalf/Dropbox/Quantum Embedding/Codes/Lithium_Downfolding/Qiskit Chem/Hamiltonian_Downfolding_IBM/nlopt-2.6.2/build/CMakeFiles/CMakeTmp

Run Build Command(s):/usr/bin/make cmTC_d465b/fast && /Library/Developer/CommandLineTools/usr/bin/make  -f CMakeFiles/cmTC_d465b.dir/build.make CMakeFiles/cmTC_d465b.dir/build
Building C object CMakeFiles/cmTC_d465b.dir/CheckFunctionExists.c.o
/Library/Developer/CommandLineTools/usr/bin/cc   -DCHECK_FUNCTION_EXISTS=sqrt -isysroot /Library/Developer/CommandLineTools/SDKs/MacOSX10.15.sdk   -o CMakeFiles/cmTC_d465b.dir/CheckFunctionExists.c.o   -c /usr/local/Cellar/cmake/3.17.3/share/cmake/Modules/CheckFunctionExists.c
/usr/local/Cellar/cmake/3.17.3/share/cmake/Modules/CheckFunctionExists.c:7:3: warning: incompatible redeclaration of library function 'sqrt' [-Wincompatible-library-redeclaration]
  CHECK_FUNCTION_EXISTS(void);
  ^
<command line>:1:31: note: expanded from here
#define CHECK_FUNCTION_EXISTS sqrt
                              ^
/usr/local/Cellar/cmake/3.17.3/share/cmake/Modules/CheckFunctionExists.c:7:3: note: 'sqrt' is a builtin with type 'double (double)'
<command line>:1:31: note: expanded from here
#define CHECK_FUNCTION_EXISTS sqrt
                              ^
1 warning generated.
Linking C executable cmTC_d465b
/usr/local/Cellar/cmake/3.17.3/bin/cmake -E cmake_link_script CMakeFiles/cmTC_d465b.dir/link.txt --verbose=1
/Library/Developer/CommandLineTools/usr/bin/cc  -DCHECK_FUNCTION_EXISTS=sqrt -isysroot /Library/Developer/CommandLineTools/SDKs/MacOSX10.15.sdk -Wl,-search_paths_first -Wl,-headerpad_max_install_names   CMakeFiles/cmTC_d465b.dir/CheckFunctionExists.c.o  -o cmTC_d465b  -lm 



Performing C SOURCE FILE Test HAVE_THREAD_LOCAL_STORAGE succeeded with the following output:
Change Dir: /Users/mmetcalf/Dropbox/Quantum Embedding/Codes/Lithium_Downfolding/Qiskit Chem/Hamiltonian_Downfolding_IBM/nlopt-2.6.2/build/CMakeFiles/CMakeTmp

Run Build Command(s):/usr/bin/make cmTC_a88e0/fast && /Library/Developer/CommandLineTools/usr/bin/make  -f CMakeFiles/cmTC_a88e0.dir/build.make CMakeFiles/cmTC_a88e0.dir/build
Building C object CMakeFiles/cmTC_a88e0.dir/src.c.o
/Library/Developer/CommandLineTools/usr/bin/cc   -DHAVE_THREAD_LOCAL_STORAGE -isysroot /Library/Developer/CommandLineTools/SDKs/MacOSX10.15.sdk   -o CMakeFiles/cmTC_a88e0.dir/src.c.o   -c "/Users/mmetcalf/Dropbox/Quantum Embedding/Codes/Lithium_Downfolding/Qiskit Chem/Hamiltonian_Downfolding_IBM/nlopt-2.6.2/build/CMakeFiles/CMakeTmp/src.c"
Linking C executable cmTC_a88e0
/usr/local/Cellar/cmake/3.17.3/bin/cmake -E cmake_link_script CMakeFiles/cmTC_a88e0.dir/link.txt --verbose=1
/Library/Developer/CommandLineTools/usr/bin/cc  -DHAVE_THREAD_LOCAL_STORAGE -isysroot /Library/Developer/CommandLineTools/SDKs/MacOSX10.15.sdk -Wl,-search_paths_first -Wl,-headerpad_max_install_names   CMakeFiles/cmTC_a88e0.dir/src.c.o  -o cmTC_a88e0 


Source file was:

    __thread int tls;

    int main(void) {
        return 0;
    }
Determining if the __cplusplus exist passed with the following output:
Change Dir: /Users/mmetcalf/Dropbox/Quantum Embedding/Codes/Lithium_Downfolding/Qiskit Chem/Hamiltonian_Downfolding_IBM/nlopt-2.6.2/build/CMakeFiles/CMakeTmp

Run Build Command(s):/usr/bin/make cmTC_7ea22/fast && /Library/Developer/CommandLineTools/usr/bin/make  -f CMakeFiles/cmTC_7ea22.dir/build.make CMakeFiles/cmTC_7ea22.dir/build
Building CXX object CMakeFiles/cmTC_7ea22.dir/CheckSymbolExists.cxx.o
/Library/Developer/CommandLineTools/usr/bin/c++    -isysroot /Library/Developer/CommandLineTools/SDKs/MacOSX10.15.sdk   -o CMakeFiles/cmTC_7ea22.dir/CheckSymbolExists.cxx.o -c "/Users/mmetcalf/Dropbox/Quantum Embedding/Codes/Lithium_Downfolding/Qiskit Chem/Hamiltonian_Downfolding_IBM/nlopt-2.6.2/build/CMakeFiles/CMakeTmp/CheckSymbolExists.cxx"
Linking CXX executable cmTC_7ea22
/usr/local/Cellar/cmake/3.17.3/bin/cmake -E cmake_link_script CMakeFiles/cmTC_7ea22.dir/link.txt --verbose=1
/Library/Developer/CommandLineTools/usr/bin/c++    -isysroot /Library/Developer/CommandLineTools/SDKs/MacOSX10.15.sdk -Wl,-search_paths_first -Wl,-headerpad_max_install_names   CMakeFiles/cmTC_7ea22.dir/CheckSymbolExists.cxx.o  -o cmTC_7ea22 


File /Users/mmetcalf/Dropbox/Quantum Embedding/Codes/Lithium_Downfolding/Qiskit Chem/Hamiltonian_Downfolding_IBM/nlopt-2.6.2/build/CMakeFiles/CMakeTmp/CheckSymbolExists.cxx:
/* */
#include <ciso646>

int main(int argc, char** argv)
{
  (void)argv;
#ifndef __cplusplus
  return ((int*)(&__cplusplus))[argc];
#else
  (void)argc;
  return 0;
#endif
}
Performing C++ SOURCE FILE Test SUPPORTS_STDCXX11 succeeded with the following output:
Change Dir: /Users/mmetcalf/Dropbox/Quantum Embedding/Codes/Lithium_Downfolding/Qiskit Chem/Hamiltonian_Downfolding_IBM/nlopt-2.6.2/build/CMakeFiles/CMakeTmp

Run Build Command(s):/usr/bin/make cmTC_2f74e/fast && /Library/Developer/CommandLineTools/usr/bin/make  -f CMakeFiles/cmTC_2f74e.dir/build.make CMakeFiles/cmTC_2f74e.dir/build
Building CXX object CMakeFiles/cmTC_2f74e.dir/src.cxx.o
/Library/Developer/CommandLineTools/usr/bin/c++    -DSUPPORTS_STDCXX11 -isysroot /Library/Developer/CommandLineTools/SDKs/MacOSX10.15.sdk   -std=c++11 -o CMakeFiles/cmTC_2f74e.dir/src.cxx.o -c "/Users/mmetcalf/Dropbox/Quantum Embedding/Codes/Lithium_Downfolding/Qiskit Chem/Hamiltonian_Downfolding_IBM/nlopt-2.6.2/build/CMakeFiles/CMakeTmp/src.cxx"
Linking CXX executable cmTC_2f74e
/usr/local/Cellar/cmake/3.17.3/bin/cmake -E cmake_link_script CMakeFiles/cmTC_2f74e.dir/link.txt --verbose=1
/Library/Developer/CommandLineTools/usr/bin/c++   -DSUPPORTS_STDCXX11 -isysroot /Library/Developer/CommandLineTools/SDKs/MacOSX10.15.sdk -Wl,-search_paths_first -Wl,-headerpad_max_install_names   CMakeFiles/cmTC_2f74e.dir/src.cxx.o  -o cmTC_2f74e 


Source file was:
int main() { return 0; }
